Using pre-set license
Built from '6000.0/respin/6000.0.59f1-063c55f2fd0f' branch; Version is '6000.0.59f2 (ef281c76c3c1) revision 15673372'; Using compiler version '193933523'; Build Type 'Release'
OS: 'Windows 11  (10.0.26100) 64bit Core' Language: 'ru' Physical Memory: 32469 MB
BatchMode: 1, IsHumanControllingUs: 0, StartBugReporterOnCrash: 0, Is64bit: 1
Date: 2025-12-04T03:48:06Z

COMMAND LINE ARGUMENTS:
C:\Program Files\Unity\Hub\Editor\6000.0.59f2\Editor\Unity.exe
-adb2
-batchMode
-noUpm
-name
AssetImportWorker2
-projectPath
D:/platformer3d
-logFile
Logs/AssetImportWorker2.log
-srvPort
64116
-job-worker-count
7
-background-job-worker-count
8
-gc-helper-count
1
-name
AssetImport
Successfully changed project path to: D:/platformer3d
D:/platformer3d
[UnityMemory] Configuration Parameters - Can be set up in boot.config
    "memorysetup-bucket-allocator-granularity=16"
    "memorysetup-bucket-allocator-bucket-count=8"
    "memorysetup-bucket-allocator-block-size=33554432"
    "memorysetup-bucket-allocator-block-count=8"
    "memorysetup-main-allocator-block-size=16777216"
    "memorysetup-thread-allocator-block-size=16777216"
    "memorysetup-gfx-main-allocator-block-size=16777216"
    "memorysetup-gfx-thread-allocator-block-size=16777216"
    "memorysetup-cache-allocator-block-size=4194304"
    "memorysetup-typetree-allocator-block-size=2097152"
    "memorysetup-profiler-bucket-allocator-granularity=16"
    "memorysetup-profiler-bucket-allocator-bucket-count=8"
    "memorysetup-profiler-bucket-allocator-block-size=33554432"
    "memorysetup-profiler-bucket-allocator-block-count=8"
    "memorysetup-profiler-allocator-block-size=16777216"
    "memorysetup-profiler-editor-allocator-block-size=1048576"
    "memorysetup-temp-allocator-size-main=16777216"
    "memorysetup-job-temp-allocator-block-size=2097152"
    "memorysetup-job-temp-allocator-block-size-background=1048576"
    "memorysetup-job-temp-allocator-reduction-small-platforms=262144"
    "memorysetup-allocator-temp-initial-block-size-main=262144"
    "memorysetup-allocator-temp-initial-block-size-worker=262144"
    "memorysetup-temp-allocator-size-background-worker=32768"
    "memorysetup-temp-allocator-size-job-worker=262144"
    "memorysetup-temp-allocator-size-preload-manager=33554432"
    "memorysetup-temp-allocator-size-nav-mesh-worker=65536"
    "memorysetup-temp-allocator-size-audio-worker=65536"
    "memorysetup-temp-allocator-size-cloud-worker=32768"
    "memorysetup-temp-allocator-size-gi-baking-worker=262144"
    "memorysetup-temp-allocator-size-gi-baking-worker=262144"
    "memorysetup-temp-allocator-size-gi-baking-worker=262144"
    "memorysetup-temp-allocator-size-gi-baking-worker=262144"
    "memorysetup-temp-allocator-size-gi-baking-worker=262144"
    "memorysetup-temp-allocator-size-gfx=262144"
Player connection [24204]  Target information:

Player connection [24204]  * "[IP] 172.23.80.1 [Port] 0 [Flags] 2 [Guid] 3630210669 [EditorId] 3630210669 [Version] 1048832 [Id] WindowsEditor(7,Drakkonne) [Debug] 1 [PackageName] WindowsEditor [ProjectName] Editor" 

Player connection [24204]  * "[IP] 10.113.115.149 [Port] 0 [Flags] 2 [Guid] 3630210669 [EditorId] 3630210669 [Version] 1048832 [Id] WindowsEditor(7,Drakkonne) [Debug] 1 [PackageName] WindowsEditor [ProjectName] Editor" 

Player connection [24204] Host joined multi-casting on [225.0.0.222:54997]...
Player connection [24204] Host joined alternative multi-casting on [225.0.0.222:34997]...
JobSystem: Creating JobQueue using job-worker-count value 7
Input System module state changed to: Initialized.
[Physics::Module] Initialized fallback backend.
[Physics::Module] Id: 0xdecafbad
Library Redirect Path: Library/
[Physics::Module] Selected backend.
[Physics::Module] Name: PhysX
[Physics::Module] Id: 0xf2b8ea05
[Physics::Module] SDK Version: 4.1.2
[Physics::Module] Integration Version: 1.0.0
[Physics::Module] Threading Mode: Multi-Threaded
Refreshing native plugins compatible for Editor in 341.74 ms, found 3 plugins.
Preloading 0 native plugins for Editor in 0.00 ms.
Initialize engine version: 6000.0.59f2 (ef281c76c3c1)
[Subsystems] Discovering subsystems at path C:/Program Files/Unity/Hub/Editor/6000.0.59f2/Editor/Data/Resources/UnitySubsystems
[Subsystems] Discovering subsystems at path D:/platformer3d/Assets
GfxDevice: creating device client; kGfxThreadingModeNonThreaded
Direct3D:
    Version:  Direct3D 11.0 [level 11.1]
    Renderer: NVIDIA GeForce RTX 4050 Laptop GPU (ID=0x28a1)
    Vendor:   NVIDIA
    VRAM:     5921 MB
    Driver:   32.0.15.8108
Initialize mono
Mono path[0] = 'C:/Program Files/Unity/Hub/Editor/6000.0.59f2/Editor/Data/Managed'
Mono path[1] = 'C:/Program Files/Unity/Hub/Editor/6000.0.59f2/Editor/Data/MonoBleedingEdge/lib/mono/unityjit-win32'
Mono config path = 'C:/Program Files/Unity/Hub/Editor/6000.0.59f2/Editor/Data/MonoBleedingEdge/etc'
Using monoOptions --debugger-agent=transport=dt_socket,embedding=1,server=y,suspend=n,address=127.0.0.1:56868
Begin MonoManager ReloadAssembly
Registering precompiled unity dll's ...
Register platform support module: C:/Program Files/Unity/Hub/Editor/6000.0.59f2/Editor/Data/PlaybackEngines/WebGLSupport/UnityEditor.WebGL.Extensions.dll
Register platform support module: C:/Program Files/Unity/Hub/Editor/6000.0.59f2/Editor/Data/PlaybackEngines/WindowsStandaloneSupport/UnityEditor.WindowsStandalone.Extensions.dll
Register platform support module: C:/Program Files/Unity/Hub/Editor/6000.0.59f2/Editor/Data/PlaybackEngines/MetroSupport/UnityEditor.UWP.Extensions.dll
Registered in 0.863671 seconds.
- Loaded All Assemblies, in 24.513 seconds
Native extension for UWP target not found
Native extension for WindowsStandalone target not found
Native extension for WebGL target not found
Mono: successfully reloaded assembly
- Finished resetting the current domain, in  0.307 seconds
Domain Reload Profiling: 24819ms
	BeginReloadAssembly (19531ms)
		ExecutionOrderSort (0ms)
		DisableScriptedObjects (0ms)
		BackupInstance (0ms)
		ReleaseScriptingObjects (0ms)
		CreateAndSetChildDomain (1ms)
	RebuildCommonClasses (1200ms)
	RebuildNativeTypeToScriptingClass (9ms)
	initialDomainReloadingComplete (899ms)
	LoadAllAssembliesAndSetupDomain (2872ms)
		LoadAssemblies (19569ms)
		RebuildTransferFunctionScriptingTraits (0ms)
		AnalyzeDomain (2830ms)
			TypeCache.Refresh (2828ms)
				TypeCache.ScanAssembly (2114ms)
			BuildScriptInfoCaches (0ms)
			ResolveRequiredComponents (0ms)
	FinalizeReload (307ms)
		ReleaseScriptCaches (0ms)
		RebuildScriptCaches (0ms)
		SetupLoadedEditorAssemblies (272ms)
			LogAssemblyErrors (0ms)
			InitializePlatformSupportModulesInManaged (20ms)
			SetLoadedEditorAssemblies (5ms)
			BeforeProcessingInitializeOnLoad (54ms)
			ProcessInitializeOnLoadAttributes (123ms)
			ProcessInitializeOnLoadMethodAttributes (69ms)
			AfterProcessingInitializeOnLoad (0ms)
			EditorAssembliesLoaded (0ms)
		ExecutionOrderSort2 (0ms)
		AwakeInstancesAfterBackupRestoration (0ms)
========================================================================
Worker process is ready to serve import requests
Import Worker Mode flag is 0x00
Begin MonoManager ReloadAssembly
- Loaded All Assemblies, in 18.814 seconds
Refreshing native plugins compatible for Editor in 0.61 ms, found 3 plugins.
Native extension for UWP target not found
Native extension for WindowsStandalone target not found
Native extension for WebGL target not found
Package Manager log level set to [2]
[Package Manager] Failed to launch server process. Reason: Unity was launched with the -noUpm command-line argument
[Package Manager] Unable to send message (not connected to server process).
[Package Manager] Cannot connect to Unity Package Manager local server
Mono: successfully reloaded assembly
- Finished resetting the current domain, in  0.994 seconds
Domain Reload Profiling: 19807ms
	BeginReloadAssembly (147ms)
		ExecutionOrderSort (0ms)
		DisableScriptedObjects (5ms)
		BackupInstance (0ms)
		ReleaseScriptingObjects (0ms)
		CreateAndSetChildDomain (26ms)
	RebuildCommonClasses (29ms)
	RebuildNativeTypeToScriptingClass (8ms)
	initialDomainReloadingComplete (29ms)
	LoadAllAssembliesAndSetupDomain (18599ms)
		LoadAssemblies (17708ms)
		RebuildTransferFunctionScriptingTraits (0ms)
		AnalyzeDomain (975ms)
			TypeCache.Refresh (918ms)
				TypeCache.ScanAssembly (906ms)
			BuildScriptInfoCaches (42ms)
			ResolveRequiredComponents (11ms)
	FinalizeReload (995ms)
		ReleaseScriptCaches (0ms)
		RebuildScriptCaches (0ms)
		SetupLoadedEditorAssemblies (717ms)
			LogAssemblyErrors (0ms)
			InitializePlatformSupportModulesInManaged (4ms)
			SetLoadedEditorAssemblies (7ms)
			BeforeProcessingInitializeOnLoad (180ms)
			ProcessInitializeOnLoadAttributes (465ms)
			ProcessInitializeOnLoadMethodAttributes (58ms)
			AfterProcessingInitializeOnLoad (4ms)
			EditorAssembliesLoaded (0ms)
		ExecutionOrderSort2 (0ms)
		AwakeInstancesAfterBackupRestoration (7ms)
Launched and connected shader compiler UnityShaderCompiler.exe after 0.07 seconds
Refreshing native plugins compatible for Editor in 1.23 ms, found 3 plugins.
Preloading 0 native plugins for Editor in 0.00 ms.
Unloading 27 Unused Serialized files (Serialized files now loaded: 0)
Unloading 6169 unused Assets / (6.3 MB). Loaded Objects now: 6830.
Memory consumption went from 132.6 MB to 126.3 MB.
Total: 10.164400 ms (FindLiveObjects: 0.886100 ms CreateObjectMapping: 0.874500 ms MarkObjects: 4.937200 ms  DeleteObjects: 3.465500 ms)

========================================================================
Received Import Request.
  Time since last request: 490927.317906 seconds.
  path: Assets/KinematicCharacterController/ExampleCharacter/Prefabs
  artifactKey: Guid(974715e4a94547d4189e0801712b2685) Importer(815301076,1909f56bfc062723c751e8b465ee728b)
Start importing Assets/KinematicCharacterController/ExampleCharacter/Prefabs using Guid(974715e4a94547d4189e0801712b2685) Importer(815301076,1909f56bfc062723c751e8b465ee728b) (PreviewImporter) -> (artifact id: 'd9f258c4c1cfb506d5a1bf056f718846') in 0.0042917 seconds
Number of updated asset objects reloaded before import = 0Number of asset objects unloaded after import = 0

========================================================================
Received Import Request.
  Time since last request: 0.032486 seconds.
  path: Assets/KinematicCharacterController/ExampleCharacter/Prefabs/ExampleCamera.prefab
  artifactKey: Guid(c75e91cf060bbf04e89204fa400606df) Importer(815301076,1909f56bfc062723c751e8b465ee728b)
Start importing Assets/KinematicCharacterController/ExampleCharacter/Prefabs/ExampleCamera.prefab using Guid(c75e91cf060bbf04e89204fa400606df) Importer(815301076,1909f56bfc062723c751e8b465ee728b) (PreviewImporter) -> (artifact id: '060c427f574729014d28421992eed8a2') in 0.0331033 seconds
Number of updated asset objects reloaded before import = 0Number of asset objects unloaded after import = 8

========================================================================
Received Import Request.
  Time since last request: 1.162671 seconds.
  path: Assets/KinematicCharacterController/ExampleCharacter/Prefabs/ExampleCamera.prefab
  artifactKey: Guid(c75e91cf060bbf04e89204fa400606df) Importer(815301076,1909f56bfc062723c751e8b465ee728b)
Start importing Assets/KinematicCharacterController/ExampleCharacter/Prefabs/ExampleCamera.prefab using Guid(c75e91cf060bbf04e89204fa400606df) Importer(815301076,1909f56bfc062723c751e8b465ee728b) (PreviewImporter) -> (artifact id: 'cc62d2bab31333df5f741e6211f88af5') in 0.0035316 seconds
Number of updated asset objects reloaded before import = 0Number of asset objects unloaded after import = 9

========================================================================
Received Import Request.
  Time since last request: 0.384182 seconds.
  path: Assets/KinematicCharacterController/ExampleCharacter/Prefabs/ExampleCamera.prefab
  artifactKey: Guid(c75e91cf060bbf04e89204fa400606df) Importer(815301076,1909f56bfc062723c751e8b465ee728b)
Start importing Assets/KinematicCharacterController/ExampleCharacter/Prefabs/ExampleCamera.prefab using Guid(c75e91cf060bbf04e89204fa400606df) Importer(815301076,1909f56bfc062723c751e8b465ee728b) (PreviewImporter) -> (artifact id: '7f5672d0f35611b5206f2d05eddaa38b') in 0.0022092 seconds
Number of updated asset objects reloaded before import = 0Number of asset objects unloaded after import = 9

========================================================================
Received Import Request.
  Time since last request: 28.380480 seconds.
  path: Assets/KinematicCharacterController/ExampleCharacter/Materials/White.mat
  artifactKey: Guid(cf774b4c734b1d04e9fbf6d71e964591) Importer(815301076,1909f56bfc062723c751e8b465ee728b)
Start importing Assets/KinematicCharacterController/ExampleCharacter/Materials/White.mat using Guid(cf774b4c734b1d04e9fbf6d71e964591) Importer(815301076,1909f56bfc062723c751e8b465ee728b) (PreviewImporter) -> (artifact id: '38d2f621cb412c601f63b33436963198') in 0.4368072 seconds
Number of updated asset objects reloaded before import = 0Number of asset objects unloaded after import = 2

========================================================================
Received Import Request.
  Time since last request: 64.148758 seconds.
  path: Assets/KinematicCharacterController/ExampleCharacter
  artifactKey: Guid(b8da84cc169c79b4894eefab60565279) Importer(815301076,1909f56bfc062723c751e8b465ee728b)
Start importing Assets/KinematicCharacterController/ExampleCharacter using Guid(b8da84cc169c79b4894eefab60565279) Importer(815301076,1909f56bfc062723c751e8b465ee728b) (PreviewImporter) -> (artifact id: '5be4d52e2e453752bb29beee5543a065') in 0.0005461 seconds
Number of updated asset objects reloaded before import = 0Number of asset objects unloaded after import = 0

========================================================================
Received Prepare
Begin MonoManager ReloadAssembly
- Loaded All Assemblies, in  0.645 seconds
Refreshing native plugins compatible for Editor in 0.70 ms, found 3 plugins.
Native extension for UWP target not found
Native extension for WindowsStandalone target not found
Native extension for WebGL target not found
[Package Manager] Failed to launch server process. Reason: Unity was launched with the -noUpm command-line argument
[Package Manager] Unable to send message (not connected to server process).
[Package Manager] Cannot connect to Unity Package Manager local server
Mono: successfully reloaded assembly
- Finished resetting the current domain, in  0.735 seconds
Domain Reload Profiling: 1382ms
	BeginReloadAssembly (203ms)
		ExecutionOrderSort (0ms)
		DisableScriptedObjects (26ms)
		BackupInstance (0ms)
		ReleaseScriptingObjects (0ms)
		CreateAndSetChildDomain (50ms)
	RebuildCommonClasses (28ms)
	RebuildNativeTypeToScriptingClass (12ms)
	initialDomainReloadingComplete (26ms)
	LoadAllAssembliesAndSetupDomain (378ms)
		LoadAssemblies (302ms)
		RebuildTransferFunctionScriptingTraits (0ms)
		AnalyzeDomain (151ms)
			TypeCache.Refresh (8ms)
				TypeCache.ScanAssembly (0ms)
			BuildScriptInfoCaches (128ms)
			ResolveRequiredComponents (10ms)
	FinalizeReload (736ms)
		ReleaseScriptCaches (0ms)
		RebuildScriptCaches (0ms)
		SetupLoadedEditorAssemblies (594ms)
			LogAssemblyErrors (0ms)
			InitializePlatformSupportModulesInManaged (3ms)
			SetLoadedEditorAssemblies (6ms)
			BeforeProcessingInitializeOnLoad (155ms)
			ProcessInitializeOnLoadAttributes (369ms)
			ProcessInitializeOnLoadMethodAttributes (55ms)
			AfterProcessingInitializeOnLoad (5ms)
			EditorAssembliesLoaded (0ms)
		ExecutionOrderSort2 (0ms)
		AwakeInstancesAfterBackupRestoration (16ms)
Refreshing native plugins compatible for Editor in 0.63 ms, found 3 plugins.
Preloading 0 native plugins for Editor in 0.00 ms.
Unloading 25 Unused Serialized files (Serialized files now loaded: 0)
Unloading 6164 unused Assets / (6.5 MB). Loaded Objects now: 6914.
Memory consumption went from 153.9 MB to 147.5 MB.
Total: 8.500500 ms (FindLiveObjects: 0.672100 ms CreateObjectMapping: 0.553100 ms MarkObjects: 4.203800 ms  DeleteObjects: 3.070600 ms)

Prepare: number of updated asset objects reloaded= 0
========================================================================
Received Prepare
Begin MonoManager ReloadAssembly
- Loaded All Assemblies, in  0.621 seconds
Refreshing native plugins compatible for Editor in 0.71 ms, found 3 plugins.
Native extension for UWP target not found
Native extension for WindowsStandalone target not found
Native extension for WebGL target not found
[Package Manager] Failed to launch server process. Reason: Unity was launched with the -noUpm command-line argument
[Package Manager] Unable to send message (not connected to server process).
[Package Manager] Cannot connect to Unity Package Manager local server
Mono: successfully reloaded assembly
- Finished resetting the current domain, in  0.729 seconds
Domain Reload Profiling: 1352ms
	BeginReloadAssembly (173ms)
		ExecutionOrderSort (0ms)
		DisableScriptedObjects (5ms)
		BackupInstance (0ms)
		ReleaseScriptingObjects (0ms)
		CreateAndSetChildDomain (41ms)
	RebuildCommonClasses (31ms)
	RebuildNativeTypeToScriptingClass (10ms)
	initialDomainReloadingComplete (25ms)
	LoadAllAssembliesAndSetupDomain (383ms)
		LoadAssemblies (308ms)
		RebuildTransferFunctionScriptingTraits (0ms)
		AnalyzeDomain (153ms)
			TypeCache.Refresh (7ms)
				TypeCache.ScanAssembly (0ms)
			BuildScriptInfoCaches (132ms)
			ResolveRequiredComponents (9ms)
	FinalizeReload (730ms)
		ReleaseScriptCaches (0ms)
		RebuildScriptCaches (0ms)
		SetupLoadedEditorAssemblies (584ms)
			LogAssemblyErrors (0ms)
			InitializePlatformSupportModulesInManaged (3ms)
			SetLoadedEditorAssemblies (5ms)
			BeforeProcessingInitializeOnLoad (153ms)
			ProcessInitializeOnLoadAttributes (372ms)
			ProcessInitializeOnLoadMethodAttributes (47ms)
			AfterProcessingInitializeOnLoad (4ms)
			EditorAssembliesLoaded (0ms)
		ExecutionOrderSort2 (0ms)
		AwakeInstancesAfterBackupRestoration (18ms)
Refreshing native plugins compatible for Editor in 0.60 ms, found 3 plugins.
Preloading 0 native plugins for Editor in 0.00 ms.
Unloading 25 Unused Serialized files (Serialized files now loaded: 0)
Unloading 6164 unused Assets / (6.4 MB). Loaded Objects now: 6917.
Memory consumption went from 153.8 MB to 147.3 MB.
Total: 9.788400 ms (FindLiveObjects: 0.870700 ms CreateObjectMapping: 0.709200 ms MarkObjects: 4.089000 ms  DeleteObjects: 4.118300 ms)

Prepare: number of updated asset objects reloaded= 0
========================================================================
Received Prepare
Refreshing native plugins compatible for Editor in 0.54 ms, found 3 plugins.
Preloading 0 native plugins for Editor in 0.00 ms.
Unloading 25 Unused Serialized files (Serialized files now loaded: 0)
Unloading 6158 unused Assets / (6.3 MB). Loaded Objects now: 6918.
Memory consumption went from 154.0 MB to 147.7 MB.
Total: 7.734100 ms (FindLiveObjects: 0.588300 ms CreateObjectMapping: 0.528000 ms MarkObjects: 3.630700 ms  DeleteObjects: 2.986000 ms)

Prepare: number of updated asset objects reloaded= 1
========================================================================
Received Import Request.
  Time since last request: 285.231361 seconds.
  path: Assets/InputSystem_Actions.inputactions
  artifactKey: Guid(052faaac586de48259a63d0c4782560b) Importer(815301076,1909f56bfc062723c751e8b465ee728b)
Start importing Assets/InputSystem_Actions.inputactions using Guid(052faaac586de48259a63d0c4782560b) Importer(815301076,1909f56bfc062723c751e8b465ee728b) (PreviewImporter) -> (artifact id: '0644377380ab1e2b60e277fb3ac29430') in 0.0461165 seconds
Number of updated asset objects reloaded before import = 0Number of asset objects unloaded after import = 19

========================================================================
Received Prepare
Begin MonoManager ReloadAssembly
- Loaded All Assemblies, in  0.627 seconds
Refreshing native plugins compatible for Editor in 0.49 ms, found 3 plugins.
Native extension for UWP target not found
Native extension for WindowsStandalone target not found
Native extension for WebGL target not found
[Package Manager] Failed to launch server process. Reason: Unity was launched with the -noUpm command-line argument
[Package Manager] Unable to send message (not connected to server process).
[Package Manager] Cannot connect to Unity Package Manager local server
Mono: successfully reloaded assembly
- Finished resetting the current domain, in  0.702 seconds
Domain Reload Profiling: 1331ms
	BeginReloadAssembly (176ms)
		ExecutionOrderSort (0ms)
		DisableScriptedObjects (4ms)
		BackupInstance (0ms)
		ReleaseScriptingObjects (0ms)
		CreateAndSetChildDomain (42ms)
	RebuildCommonClasses (28ms)
	RebuildNativeTypeToScriptingClass (9ms)
	initialDomainReloadingComplete (20ms)
	LoadAllAssembliesAndSetupDomain (395ms)
		LoadAssemblies (320ms)
		RebuildTransferFunctionScriptingTraits (0ms)
		AnalyzeDomain (158ms)
			TypeCache.Refresh (10ms)
				TypeCache.ScanAssembly (1ms)
			BuildScriptInfoCaches (132ms)
			ResolveRequiredComponents (10ms)
	FinalizeReload (702ms)
		ReleaseScriptCaches (0ms)
		RebuildScriptCaches (0ms)
		SetupLoadedEditorAssemblies (567ms)
			LogAssemblyErrors (0ms)
			InitializePlatformSupportModulesInManaged (5ms)
			SetLoadedEditorAssemblies (7ms)
			BeforeProcessingInitializeOnLoad (188ms)
			ProcessInitializeOnLoadAttributes (322ms)
			ProcessInitializeOnLoadMethodAttributes (42ms)
			AfterProcessingInitializeOnLoad (3ms)
			EditorAssembliesLoaded (0ms)
		ExecutionOrderSort2 (0ms)
		AwakeInstancesAfterBackupRestoration (13ms)
Refreshing native plugins compatible for Editor in 0.53 ms, found 3 plugins.
Preloading 0 native plugins for Editor in 0.00 ms.
Unloading 25 Unused Serialized files (Serialized files now loaded: 0)
Unloading 6165 unused Assets / (5.9 MB). Loaded Objects now: 6921.
Memory consumption went from 153.9 MB to 148.0 MB.
Total: 6.811100 ms (FindLiveObjects: 0.564300 ms CreateObjectMapping: 0.485100 ms MarkObjects: 3.504900 ms  DeleteObjects: 2.256200 ms)

Prepare: number of updated asset objects reloaded= 0
========================================================================
Received Import Request.
  Time since last request: 24.413164 seconds.
  path: Assets/InputSystem_Actions.cs
  artifactKey: Guid(22a6e315fb6175b46b1ac2d35f04b4f0) Importer(815301076,1909f56bfc062723c751e8b465ee728b)
Start importing Assets/InputSystem_Actions.cs using Guid(22a6e315fb6175b46b1ac2d35f04b4f0) Importer(815301076,1909f56bfc062723c751e8b465ee728b) (PreviewImporter) -> (artifact id: 'b332c3e78c6d0cb650293b415b2c0aa1') in 0.0062421 seconds
Number of updated asset objects reloaded before import = 0Number of asset objects unloaded after import = 0

========================================================================
Received Import Request.
  Time since last request: 78.952800 seconds.
  path: Assets/InputSystem_Actions.cs
  artifactKey: Guid(22a6e315fb6175b46b1ac2d35f04b4f0) Importer(2089858483,192608db42251d675da83286b1cce702)
Start importing Assets/InputSystem_Actions.cs using Guid(22a6e315fb6175b46b1ac2d35f04b4f0) Importer(2089858483,192608db42251d675da83286b1cce702) (ScriptedImporter) -> (artifact id: 'be05e1386497e66dd6a26dfbbc4e5f35') in 0.190617 seconds
Number of updated asset objects reloaded before import = 0Number of asset objects unloaded after import = 0

========================================================================
Received Import Request.
  Time since last request: 0.000023 seconds.
  path: Assets/KinematicCharacterController/Examples/Scenes/CharacterPlayground/ReflectionProbe-0.exr
  artifactKey: Guid(2a3d4f1397ca4a347b0e11d1bd922a58) Importer(2089858483,192608db42251d675da83286b1cce702)
Start importing Assets/KinematicCharacterController/Examples/Scenes/CharacterPlayground/ReflectionProbe-0.exr using Guid(2a3d4f1397ca4a347b0e11d1bd922a58) Importer(2089858483,192608db42251d675da83286b1cce702) (ScriptedImporter) -> (artifact id: 'a4be7340202d11bcf032392bd40949d0') in 0.0764215 seconds
Number of updated asset objects reloaded before import = 0Number of asset objects unloaded after import = 1

========================================================================
Received Import Request.
  Time since last request: 0.000033 seconds.
  path: Assets/KinematicCharacterController/Walkthrough/11- Charging state/Scene/WalkthroughScene11.unity
  artifactKey: Guid(080c10a3703549c47b115b24b77e16ea) Importer(2089858483,192608db42251d675da83286b1cce702)
Start importing Assets/KinematicCharacterController/Walkthrough/11- Charging state/Scene/WalkthroughScene11.unity using Guid(080c10a3703549c47b115b24b77e16ea) Importer(2089858483,192608db42251d675da83286b1cce702) (ScriptedImporter) -> (artifact id: 'bf4a54c8e36d71d556e18de225fc1239') in 0.04095 seconds
Number of updated asset objects reloaded before import = 0Number of asset objects unloaded after import = 1

========================================================================
Received Import Request.
  Time since last request: 0.000022 seconds.
  path: Assets/KinematicCharacterController/Examples/Textures/tile.png
  artifactKey: Guid(e2571d7568539cd489b45b0927fd895b) Importer(2089858483,192608db42251d675da83286b1cce702)
Start importing Assets/KinematicCharacterController/Examples/Textures/tile.png using Guid(e2571d7568539cd489b45b0927fd895b) Importer(2089858483,192608db42251d675da83286b1cce702) (ScriptedImporter) -> (artifact id: 'fda01e3dea30197012a85baf8e5a663c') in 0.0522812 seconds
Number of updated asset objects reloaded before import = 0Number of asset objects unloaded after import = 1

========================================================================
Received Import Request.
  Time since last request: 0.000021 seconds.
  path: Assets/KinematicCharacterController/Examples/Models/ComplexShape.fbx
  artifactKey: Guid(8ff8d641e32922b46af689259eba176b) Importer(2089858483,192608db42251d675da83286b1cce702)
Start importing Assets/KinematicCharacterController/Examples/Models/ComplexShape.fbx using Guid(8ff8d641e32922b46af689259eba176b) Importer(2089858483,192608db42251d675da83286b1cce702) (ScriptedImporter) -> (artifact id: '6e3864c323b309dadf38620fbb034c1f') in 0.0692856 seconds
Number of updated asset objects reloaded before import = 0Number of asset objects unloaded after import = 28

========================================================================
Received Import Request.
  Time since last request: 0.000024 seconds.
  path: Assets/KinematicCharacterController/Examples/Textures/tile_green.png
  artifactKey: Guid(36b5b147a1e526747bad753e77aa33c1) Importer(2089858483,192608db42251d675da83286b1cce702)
Start importing Assets/KinematicCharacterController/Examples/Textures/tile_green.png using Guid(36b5b147a1e526747bad753e77aa33c1) Importer(2089858483,192608db42251d675da83286b1cce702) (ScriptedImporter) -> (artifact id: '0df04f55091e12e95b9cc151a9135b78') in 0.024934 seconds
Number of updated asset objects reloaded before import = 0Number of asset objects unloaded after import = 1

========================================================================
Received Import Request.
  Time since last request: 0.000046 seconds.
  path: Assets/KinematicCharacterController/Walkthrough/10- Multiple movement states setup/Scene/WalkthroughScene10.unity
  artifactKey: Guid(2500a88107e4f1f469181f22f53c0b3f) Importer(2089858483,192608db42251d675da83286b1cce702)
Start importing Assets/KinematicCharacterController/Walkthrough/10- Multiple movement states setup/Scene/WalkthroughScene10.unity using Guid(2500a88107e4f1f469181f22f53c0b3f) Importer(2089858483,192608db42251d675da83286b1cce702) (ScriptedImporter) -> (artifact id: '3a7b44820ab2e2930c6d94e6aea296c9') in 0.0416106 seconds
Number of updated asset objects reloaded before import = 0Number of asset objects unloaded after import = 1

========================================================================
Received Import Request.
  Time since last request: 0.000020 seconds.
  path: Assets/KinematicCharacterController/UpgradeGuide.pdf
  artifactKey: Guid(bf7d84d269b2ecf4db54490aa12a2044) Importer(2089858483,192608db42251d675da83286b1cce702)
Start importing Assets/KinematicCharacterController/UpgradeGuide.pdf using Guid(bf7d84d269b2ecf4db54490aa12a2044) Importer(2089858483,192608db42251d675da83286b1cce702) (ScriptedImporter) -> (artifact id: '71b97f3e431a513d402784c90acc8d8b') in 0.0203985 seconds
Number of updated asset objects reloaded before import = 0Number of asset objects unloaded after import = 1

========================================================================
Received Import Request.
  Time since last request: 0.000025 seconds.
  path: Assets/Settings/PC_RPAsset.asset
  artifactKey: Guid(4b83569d67af61e458304325a23e5dfd) Importer(2089858483,192608db42251d675da83286b1cce702)
Start importing Assets/Settings/PC_RPAsset.asset using Guid(4b83569d67af61e458304325a23e5dfd) Importer(2089858483,192608db42251d675da83286b1cce702) (ScriptedImporter) -> (artifact id: '1e92991807b61e0d3ecddb86154eedbb') in 0.0823128 seconds
Number of updated asset objects reloaded before import = 0Number of asset objects unloaded after import = 1

========================================================================
Received Import Request.
  Time since last request: 0.000031 seconds.
  path: Assets/KinematicCharacterController/Core/ReadOnlyAttribute.cs
  artifactKey: Guid(63e8828991cf67f42bfeb498686aad0b) Importer(2089858483,192608db42251d675da83286b1cce702)
Start importing Assets/KinematicCharacterController/Core/ReadOnlyAttribute.cs using Guid(63e8828991cf67f42bfeb498686aad0b) Importer(2089858483,192608db42251d675da83286b1cce702) (ScriptedImporter) -> (artifact id: '198fbddd5184a86416faabe38e281c98') in 0.0258315 seconds
Number of updated asset objects reloaded before import = 0Number of asset objects unloaded after import = 0

========================================================================
Received Import Request.
  Time since last request: 0.000041 seconds.
  path: Assets/KinematicCharacterController/Core/KinematicCharacterSystem.cs
  artifactKey: Guid(dbd80c9a62d41084aad50ae44255beb9) Importer(2089858483,192608db42251d675da83286b1cce702)
Start importing Assets/KinematicCharacterController/Core/KinematicCharacterSystem.cs using Guid(dbd80c9a62d41084aad50ae44255beb9) Importer(2089858483,192608db42251d675da83286b1cce702) (ScriptedImporter) -> (artifact id: '038585dbfd17d2a25de9e915a213a3ef') in 0.0246949 seconds
Number of updated asset objects reloaded before import = 0Number of asset objects unloaded after import = 0

========================================================================
Received Import Request.
  Time since last request: 0.000021 seconds.
  path: Assets/KinematicCharacterController/Examples/Models/TriSlope2.fbx
  artifactKey: Guid(af0439a59cb6f5d4a864c8702e0978ac) Importer(2089858483,192608db42251d675da83286b1cce702)
Start importing Assets/KinematicCharacterController/Examples/Models/TriSlope2.fbx using Guid(af0439a59cb6f5d4a864c8702e0978ac) Importer(2089858483,192608db42251d675da83286b1cce702) (ScriptedImporter) -> (artifact id: '86664881f18a51c0777ee7a2f7304551') in 0.0531596 seconds
Number of updated asset objects reloaded before import = 0Number of asset objects unloaded after import = 9

========================================================================
Received Import Request.
  Time since last request: 0.000032 seconds.
  path: Assets/KinematicCharacterController/Examples/Models/StepTest1.fbx
  artifactKey: Guid(1e5829d00378bbb488aff5a4a8bfbadb) Importer(2089858483,192608db42251d675da83286b1cce702)
Start importing Assets/KinematicCharacterController/Examples/Models/StepTest1.fbx using Guid(1e5829d00378bbb488aff5a4a8bfbadb) Importer(2089858483,192608db42251d675da83286b1cce702) (ScriptedImporter) -> (artifact id: '30a6c9c51f6bf5176519a76691e1e153') in 0.0554107 seconds
Number of updated asset objects reloaded before import = 0Number of asset objects unloaded after import = 9

========================================================================
Received Import Request.
  Time since last request: 0.000027 seconds.
  path: Assets/KinematicCharacterController/Walkthrough/15- Root motion example/Scripts/MyCharacterController.cs
  artifactKey: Guid(e96594aad710a0b43a67031fa15f8a06) Importer(2089858483,192608db42251d675da83286b1cce702)
Start importing Assets/KinematicCharacterController/Walkthrough/15- Root motion example/Scripts/MyCharacterController.cs using Guid(e96594aad710a0b43a67031fa15f8a06) Importer(2089858483,192608db42251d675da83286b1cce702) (ScriptedImporter) -> (artifact id: 'a3ca64148e6d5fe1e52362601e3f0323') in 0.0217523 seconds
Number of updated asset objects reloaded before import = 0Number of asset objects unloaded after import = 0

========================================================================
Received Import Request.
  Time since last request: 0.000035 seconds.
  path: Assets/KinematicCharacterController/Walkthrough/14- Climbing Ladders/Scene/WalkthroughScene14.unity
  artifactKey: Guid(99217385d36556848a4019cc1e7fa0d8) Importer(2089858483,192608db42251d675da83286b1cce702)
Start importing Assets/KinematicCharacterController/Walkthrough/14- Climbing Ladders/Scene/WalkthroughScene14.unity using Guid(99217385d36556848a4019cc1e7fa0d8) Importer(2089858483,192608db42251d675da83286b1cce702) (ScriptedImporter) -> (artifact id: '71b7db8121202649590e6caa2a5b2862') in 0.0409219 seconds
Number of updated asset objects reloaded before import = 0Number of asset objects unloaded after import = 1

========================================================================
Received Import Request.
  Time since last request: 0.000029 seconds.
  path: Assets/KinematicCharacterController/Walkthrough/14- Climbing Ladders/Scripts/MyLadder.cs
  artifactKey: Guid(7c9bfe760a258784bac7a3dfe4c2018d) Importer(2089858483,192608db42251d675da83286b1cce702)
Start importing Assets/KinematicCharacterController/Walkthrough/14- Climbing Ladders/Scripts/MyLadder.cs using Guid(7c9bfe760a258784bac7a3dfe4c2018d) Importer(2089858483,192608db42251d675da83286b1cce702) (ScriptedImporter) -> (artifact id: '94dba33e16181378e54668746b9575eb') in 0.0198571 seconds
Number of updated asset objects reloaded before import = 0Number of asset objects unloaded after import = 0

========================================================================
Received Import Request.
  Time since last request: 0.000030 seconds.
  path: Assets/KinematicCharacterController/UserGuide.pdf
  artifactKey: Guid(218002b0df18c6f408925b74449e3784) Importer(2089858483,192608db42251d675da83286b1cce702)
Start importing Assets/KinematicCharacterController/UserGuide.pdf using Guid(218002b0df18c6f408925b74449e3784) Importer(2089858483,192608db42251d675da83286b1cce702) (ScriptedImporter) -> (artifact id: '11c42aa9a6125164f2e0136c5ef7044a') in 0.0196019 seconds
Number of updated asset objects reloaded before import = 0Number of asset objects unloaded after import = 1

========================================================================
Received Import Request.
  Time since last request: 0.000021 seconds.
  path: Assets/KinematicCharacterController/Examples/Scenes/CharacterPlayground.unity
  artifactKey: Guid(49c21577d8fcba049bf2f94ab33e2dc2) Importer(2089858483,192608db42251d675da83286b1cce702)
Start importing Assets/KinematicCharacterController/Examples/Scenes/CharacterPlayground.unity using Guid(49c21577d8fcba049bf2f94ab33e2dc2) Importer(2089858483,192608db42251d675da83286b1cce702) (ScriptedImporter) -> (artifact id: 'ded574fd9113418157770abfca897d6a') in 0.0587925 seconds
Number of updated asset objects reloaded before import = 0Number of asset objects unloaded after import = 1

========================================================================
Received Import Request.
  Time since last request: 0.000025 seconds.
  path: Assets/KinematicCharacterController/Walkthrough/14- Climbing Ladders/Scripts/MyCharacterController.cs
  artifactKey: Guid(8d44422eef151e74c8387f4da8838cf6) Importer(2089858483,192608db42251d675da83286b1cce702)
Start importing Assets/KinematicCharacterController/Walkthrough/14- Climbing Ladders/Scripts/MyCharacterController.cs using Guid(8d44422eef151e74c8387f4da8838cf6) Importer(2089858483,192608db42251d675da83286b1cce702) (ScriptedImporter) -> (artifact id: '9175b77bdc7a7cc66c755a288ef56260') in 0.0274253 seconds
Number of updated asset objects reloaded before import = 0Number of asset objects unloaded after import = 0

========================================================================
Received Import Request.
  Time since last request: 0.000035 seconds.
  path: Assets/KinematicCharacterController/Examples/Materials/Orange.mat
  artifactKey: Guid(cdd98aff9e51e5b4c9f98f2d337d0fb1) Importer(2089858483,192608db42251d675da83286b1cce702)
Start importing Assets/KinematicCharacterController/Examples/Materials/Orange.mat using Guid(cdd98aff9e51e5b4c9f98f2d337d0fb1) Importer(2089858483,192608db42251d675da83286b1cce702) (ScriptedImporter) -> (artifact id: '54b73593a8599bfeaeb7a9e52a1f3ba2') in 0.0260171 seconds
Number of updated asset objects reloaded before import = 0Number of asset objects unloaded after import = 1

========================================================================
Received Import Request.
  Time since last request: 0.000019 seconds.
  path: Assets/TutorialInfo/Scripts/Readme.cs
  artifactKey: Guid(fcf7219bab7fe46a1ad266029b2fee19) Importer(2089858483,192608db42251d675da83286b1cce702)
Start importing Assets/TutorialInfo/Scripts/Readme.cs using Guid(fcf7219bab7fe46a1ad266029b2fee19) Importer(2089858483,192608db42251d675da83286b1cce702) (ScriptedImporter) -> (artifact id: 'e960633b66c65821b55f80ff21c9fd60') in 0.017937 seconds
Number of updated asset objects reloaded before import = 0Number of asset objects unloaded after import = 0

========================================================================
Received Import Request.
  Time since last request: 0.000022 seconds.
  path: Assets/KinematicCharacterController/Walkthrough/4- Landing and leaving ground/Scripts/MyCharacterController.cs
  artifactKey: Guid(df091ad91c1a6844b87fb18b9188f06d) Importer(2089858483,192608db42251d675da83286b1cce702)
Start importing Assets/KinematicCharacterController/Walkthrough/4- Landing and leaving ground/Scripts/MyCharacterController.cs using Guid(df091ad91c1a6844b87fb18b9188f06d) Importer(2089858483,192608db42251d675da83286b1cce702) (ScriptedImporter) -> (artifact id: 'd2bea1e2ffa77f2ca953f821c76a0b2a') in 0.0251332 seconds
Number of updated asset objects reloaded before import = 0Number of asset objects unloaded after import = 0

========================================================================
Received Import Request.
  Time since last request: 0.000019 seconds.
  path: Assets/KinematicCharacterController/Walkthrough/5- Adding velocities and impulses/Scene/WalkthroughScene5.unity
  artifactKey: Guid(72f69ede5f46b3346a594a903a529a3b) Importer(2089858483,192608db42251d675da83286b1cce702)
Start importing Assets/KinematicCharacterController/Walkthrough/5- Adding velocities and impulses/Scene/WalkthroughScene5.unity using Guid(72f69ede5f46b3346a594a903a529a3b) Importer(2089858483,192608db42251d675da83286b1cce702) (ScriptedImporter) -> (artifact id: '46d2b69ad9d792919c6dcb333d94552a') in 0.0314672 seconds
Number of updated asset objects reloaded before import = 0Number of asset objects unloaded after import = 1

========================================================================
Received Import Request.
  Time since last request: 0.000020 seconds.
  path: Assets/KinematicCharacterController/Walkthrough/6- Crouching/Scripts/MyCharacterController.cs
  artifactKey: Guid(6219781d6ef1ea5479df78d516db814d) Importer(2089858483,192608db42251d675da83286b1cce702)
Start importing Assets/KinematicCharacterController/Walkthrough/6- Crouching/Scripts/MyCharacterController.cs using Guid(6219781d6ef1ea5479df78d516db814d) Importer(2089858483,192608db42251d675da83286b1cce702) (ScriptedImporter) -> (artifact id: '1f961a02e7eeec16464308128f73886d') in 0.0206159 seconds
Number of updated asset objects reloaded before import = 0Number of asset objects unloaded after import = 0

========================================================================
Received Import Request.
  Time since last request: 0.000032 seconds.
  path: Assets/KinematicCharacterController/Walkthrough/7- Orienting towards arbitrary up direction/Materials/No Name.mat
  artifactKey: Guid(08d3ab7f95f8da54ebaf9e4ac33267b9) Importer(2089858483,192608db42251d675da83286b1cce702)
Start importing Assets/KinematicCharacterController/Walkthrough/7- Orienting towards arbitrary up direction/Materials/No Name.mat using Guid(08d3ab7f95f8da54ebaf9e4ac33267b9) Importer(2089858483,192608db42251d675da83286b1cce702) (ScriptedImporter) -> (artifact id: 'd6058c8376a9e67951c1f9b18bf2e0a5') in 0.0240421 seconds
Number of updated asset objects reloaded before import = 0Number of asset objects unloaded after import = 1

========================================================================
Received Import Request.
  Time since last request: 0.000032 seconds.
  path: Assets/KinematicCharacterController/Walkthrough/4- Landing and leaving ground/Scene/WalkthroughScene4.unity
  artifactKey: Guid(be9d19b057b8aaa4e8b5f70b92ff6e53) Importer(2089858483,192608db42251d675da83286b1cce702)
Start importing Assets/KinematicCharacterController/Walkthrough/4- Landing and leaving ground/Scene/WalkthroughScene4.unity using Guid(be9d19b057b8aaa4e8b5f70b92ff6e53) Importer(2089858483,192608db42251d675da83286b1cce702) (ScriptedImporter) -> (artifact id: 'a7b1cedb7526122e77200ce624df1ef0') in 0.0419194 seconds
Number of updated asset objects reloaded before import = 0Number of asset objects unloaded after import = 1

========================================================================
Received Import Request.
  Time since last request: 0.000024 seconds.
  path: Assets/KinematicCharacterController/Walkthrough/3- Jumping/Scene/WalkthroughScene3.unity
  artifactKey: Guid(10d8a9820a4bc8641b664104d8ab9b0b) Importer(2089858483,192608db42251d675da83286b1cce702)
Start importing Assets/KinematicCharacterController/Walkthrough/3- Jumping/Scene/WalkthroughScene3.unity using Guid(10d8a9820a4bc8641b664104d8ab9b0b) Importer(2089858483,192608db42251d675da83286b1cce702) (ScriptedImporter) -> (artifact id: '0222a363d327bf108fa54abd5b98cd1b') in 0.0422537 seconds
Number of updated asset objects reloaded before import = 0Number of asset objects unloaded after import = 1

========================================================================
Received Import Request.
  Time since last request: 0.000027 seconds.
  path: Assets/KinematicCharacterController/Walkthrough/5- Adding velocities and impulses/Scripts/MyPlayer.cs
  artifactKey: Guid(0d61a6c592b89654bb126e173fa60ab7) Importer(2089858483,192608db42251d675da83286b1cce702)
Start importing Assets/KinematicCharacterController/Walkthrough/5- Adding velocities and impulses/Scripts/MyPlayer.cs using Guid(0d61a6c592b89654bb126e173fa60ab7) Importer(2089858483,192608db42251d675da83286b1cce702) (ScriptedImporter) -> (artifact id: 'ca8f78d58879f0cb9c8e29401a2263e7') in 0.0247753 seconds
Number of updated asset objects reloaded before import = 0Number of asset objects unloaded after import = 0

========================================================================
Received Import Request.
  Time since last request: 0.000025 seconds.
  path: Assets/KinematicCharacterController/Examples/Models/weirdthingy.fbx
  artifactKey: Guid(6e73d5ad97bcae4479606a8f6e375fa7) Importer(2089858483,192608db42251d675da83286b1cce702)
Start importing Assets/KinematicCharacterController/Examples/Models/weirdthingy.fbx using Guid(6e73d5ad97bcae4479606a8f6e375fa7) Importer(2089858483,192608db42251d675da83286b1cce702) (ScriptedImporter) -> (artifact id: '2521a8ead24894624ca3292e5b7d9c1d') in 0.0404267 seconds
Number of updated asset objects reloaded before import = 0Number of asset objects unloaded after import = 9

========================================================================
Received Import Request.
  Time since last request: 0.000029 seconds.
  path: Assets/KinematicCharacterController/Walkthrough/2- Basic Movement and Gravity/Scripts/MyPlayer.cs
  artifactKey: Guid(d3088a987cfc4884d8034b717aae4a89) Importer(2089858483,192608db42251d675da83286b1cce702)
Start importing Assets/KinematicCharacterController/Walkthrough/2- Basic Movement and Gravity/Scripts/MyPlayer.cs using Guid(d3088a987cfc4884d8034b717aae4a89) Importer(2089858483,192608db42251d675da83286b1cce702) (ScriptedImporter) -> (artifact id: 'f23dfd7961faf90b5c0d6f36bb63e76d') in 0.0245831 seconds
Number of updated asset objects reloaded before import = 0Number of asset objects unloaded after import = 0

========================================================================
Received Import Request.
  Time since last request: 0.000044 seconds.
  path: Assets/KinematicCharacterController/Walkthrough/8- Creating a moving platform/Scripts/MyMovingPlatform.cs
  artifactKey: Guid(0b6a0daf518d7f54f913855065b51001) Importer(2089858483,192608db42251d675da83286b1cce702)
Start importing Assets/KinematicCharacterController/Walkthrough/8- Creating a moving platform/Scripts/MyMovingPlatform.cs using Guid(0b6a0daf518d7f54f913855065b51001) Importer(2089858483,192608db42251d675da83286b1cce702) (ScriptedImporter) -> (artifact id: 'a95ba65c54373596dd43eb3f0fe2a804') in 0.02177 seconds
Number of updated asset objects reloaded before import = 0Number of asset objects unloaded after import = 0

========================================================================
Received Import Request.
  Time since last request: 0.000022 seconds.
  path: Assets/KinematicCharacterController/Examples/Materials/Water.mat
  artifactKey: Guid(1625f63737c872043b06db73c8670208) Importer(2089858483,192608db42251d675da83286b1cce702)
Start importing Assets/KinematicCharacterController/Examples/Materials/Water.mat using Guid(1625f63737c872043b06db73c8670208) Importer(2089858483,192608db42251d675da83286b1cce702) (ScriptedImporter) -> (artifact id: '91213e72634aff1c827c7b5ad341de4d') in 0.0248162 seconds
Number of updated asset objects reloaded before import = 0Number of asset objects unloaded after import = 1

========================================================================
Received Import Request.
  Time since last request: 0.000020 seconds.
  path: Assets/KinematicCharacterController/Walkthrough/15- Root motion example/Scene/WalkthroughScene15.unity
  artifactKey: Guid(f8deea874bdd53049918db3ce04e295a) Importer(2089858483,192608db42251d675da83286b1cce702)
Start importing Assets/KinematicCharacterController/Walkthrough/15- Root motion example/Scene/WalkthroughScene15.unity using Guid(f8deea874bdd53049918db3ce04e295a) Importer(2089858483,192608db42251d675da83286b1cce702) (ScriptedImporter) -> (artifact id: 'bd0068debcb025a3bebadc80009f644e') in 0.0447655 seconds
Number of updated asset objects reloaded before import = 0Number of asset objects unloaded after import = 1

========================================================================
Received Import Request.
  Time since last request: 0.000018 seconds.
  path: Assets/Settings/Mobile_Renderer.asset
  artifactKey: Guid(65bc7dbf4170f435aa868c779acfb082) Importer(2089858483,192608db42251d675da83286b1cce702)
Start importing Assets/Settings/Mobile_Renderer.asset using Guid(65bc7dbf4170f435aa868c779acfb082) Importer(2089858483,192608db42251d675da83286b1cce702) (ScriptedImporter) -> (artifact id: 'a86590b46e72d2228b67c2dbd075868f') in 0.0601834 seconds
Number of updated asset objects reloaded before import = 0Number of asset objects unloaded after import = 1

========================================================================
Received Import Request.
  Time since last request: 0.000029 seconds.
  path: Assets/KinematicCharacterController/Core/IMoverController.cs
  artifactKey: Guid(8ae7eceec45f1be4c8450edc46c0ad36) Importer(2089858483,192608db42251d675da83286b1cce702)
Start importing Assets/KinematicCharacterController/Core/IMoverController.cs using Guid(8ae7eceec45f1be4c8450edc46c0ad36) Importer(2089858483,192608db42251d675da83286b1cce702) (ScriptedImporter) -> (artifact id: '60f4f356b908f20c323d01943074a99e') in 0.02486 seconds
Number of updated asset objects reloaded before import = 0Number of asset objects unloaded after import = 0

========================================================================
Received Import Request.
  Time since last request: 0.000031 seconds.
  path: Assets/KinematicCharacterController/Examples/Materials/Light.mat
  artifactKey: Guid(3c9ad66f585bfb341b5f346a1ebd06b7) Importer(2089858483,192608db42251d675da83286b1cce702)
Start importing Assets/KinematicCharacterController/Examples/Materials/Light.mat using Guid(3c9ad66f585bfb341b5f346a1ebd06b7) Importer(2089858483,192608db42251d675da83286b1cce702) (ScriptedImporter) -> (artifact id: '8264283feb2c94544eab35a6e900e0e4') in 0.0225984 seconds
Number of updated asset objects reloaded before import = 0Number of asset objects unloaded after import = 1

========================================================================
Received Import Request.
  Time since last request: 0.000031 seconds.
  path: Assets/KinematicCharacterController/Examples/Scripts/ExampleAIController.cs
  artifactKey: Guid(f3414c4d01b68ef43aa3339915fd4001) Importer(2089858483,192608db42251d675da83286b1cce702)
Start importing Assets/KinematicCharacterController/Examples/Scripts/ExampleAIController.cs using Guid(f3414c4d01b68ef43aa3339915fd4001) Importer(2089858483,192608db42251d675da83286b1cce702) (ScriptedImporter) -> (artifact id: 'd22317cda4eb9a790c21eace2dd78e2a') in 0.0241842 seconds
Number of updated asset objects reloaded before import = 0Number of asset objects unloaded after import = 0

========================================================================
Received Import Request.
  Time since last request: 0.000027 seconds.
  path: Assets/KinematicCharacterController/Examples/Models/BigMesh.fbx
  artifactKey: Guid(7b3263440d2fce2469af539f2ea112d4) Importer(2089858483,192608db42251d675da83286b1cce702)
Start importing Assets/KinematicCharacterController/Examples/Models/BigMesh.fbx using Guid(7b3263440d2fce2469af539f2ea112d4) Importer(2089858483,192608db42251d675da83286b1cce702) (ScriptedImporter) -> (artifact id: '7e2061ba04c352c57018cbdb9855d028') in 0.0450223 seconds
Number of updated asset objects reloaded before import = 0Number of asset objects unloaded after import = 9

========================================================================
Received Import Request.
  Time since last request: 0.000020 seconds.
  path: Assets/KinematicCharacterController/Walkthrough/12- NoClip state/Scripts/MyPlayer.cs
  artifactKey: Guid(04d7db6fb3ef0f548bf93754f0bbe224) Importer(2089858483,192608db42251d675da83286b1cce702)
Start importing Assets/KinematicCharacterController/Walkthrough/12- NoClip state/Scripts/MyPlayer.cs using Guid(04d7db6fb3ef0f548bf93754f0bbe224) Importer(2089858483,192608db42251d675da83286b1cce702) (ScriptedImporter) -> (artifact id: 'e14523bc680545b8d08aa6a7fe13e84f') in 0.0233015 seconds
Number of updated asset objects reloaded before import = 0Number of asset objects unloaded after import = 0

========================================================================
Received Import Request.
  Time since last request: 0.000037 seconds.
  path: Assets/KinematicCharacterController/Walkthrough/15- Root motion example/EthanCharacter/Animation/HumanoidIdleJumpUp.fbx
  artifactKey: Guid(0d9d26e2162aa4d11ab075b34c029673) Importer(2089858483,192608db42251d675da83286b1cce702)
Start importing Assets/KinematicCharacterController/Walkthrough/15- Root motion example/EthanCharacter/Animation/HumanoidIdleJumpUp.fbx using Guid(0d9d26e2162aa4d11ab075b34c029673) Importer(2089858483,192608db42251d675da83286b1cce702) (ScriptedImporter) -> (artifact id: '153f9daa6fb7741b51d286d53e699ec8') in 0.0846245 seconds
Number of updated asset objects reloaded before import = 0Number of asset objects unloaded after import = 182

========================================================================
Received Import Request.
  Time since last request: 0.000030 seconds.
  path: Assets/KinematicCharacterController/Walkthrough/15- Root motion example/EthanCharacter/Animation/HumanoidJumpAndFall.fbx
  artifactKey: Guid(51dd2e4c869794f75a0df7d54b210214) Importer(2089858483,192608db42251d675da83286b1cce702)
Start importing Assets/KinematicCharacterController/Walkthrough/15- Root motion example/EthanCharacter/Animation/HumanoidJumpAndFall.fbx using Guid(51dd2e4c869794f75a0df7d54b210214) Importer(2089858483,192608db42251d675da83286b1cce702) (ScriptedImporter) -> (artifact id: '9fd3ef039e4a2d0357b36e21cd93bee6') in 0.0693852 seconds
Number of updated asset objects reloaded before import = 0Number of asset objects unloaded after import = 160

========================================================================
Received Import Request.
  Time since last request: 0.000022 seconds.
  path: Assets/KinematicCharacterController/Walkthrough/15- Root motion example/EthanCharacter/Animation/HumanoidCrouch.fbx
  artifactKey: Guid(d89ea37480b6d75458aa38843e9688dc) Importer(2089858483,192608db42251d675da83286b1cce702)
Start importing Assets/KinematicCharacterController/Walkthrough/15- Root motion example/EthanCharacter/Animation/HumanoidCrouch.fbx using Guid(d89ea37480b6d75458aa38843e9688dc) Importer(2089858483,192608db42251d675da83286b1cce702) (ScriptedImporter) -> (artifact id: '0c4cf26dec419ff8fe7fa31868380b2f') in 0.0841506 seconds
Number of updated asset objects reloaded before import = 0Number of asset objects unloaded after import = 163

========================================================================
Received Import Request.
  Time since last request: 0.000019 seconds.
  path: Assets/KinematicCharacterController/Walkthrough/14- Climbing Ladders/Scene/WalkthroughScene14/LightingData.asset
  artifactKey: Guid(bd0fdcc34d728ac4db527844b498d09b) Importer(2089858483,192608db42251d675da83286b1cce702)
Start importing Assets/KinematicCharacterController/Walkthrough/14- Climbing Ladders/Scene/WalkthroughScene14/LightingData.asset using Guid(bd0fdcc34d728ac4db527844b498d09b) Importer(2089858483,192608db42251d675da83286b1cce702) (ScriptedImporter) -> (artifact id: '488b4dc070c5b66d62ebcc5656f521b8') in 0.032306 seconds
Number of updated asset objects reloaded before import = 0Number of asset objects unloaded after import = 2

========================================================================
Received Import Request.
  Time since last request: 0.000023 seconds.
  path: Assets/KinematicCharacterController/Walkthrough/11- Charging state/Scene/WalkthroughScene11/ReflectionProbe-0.exr
  artifactKey: Guid(bfe22d4c784ad9e47a9cdd1582da2c26) Importer(2089858483,192608db42251d675da83286b1cce702)
Start importing Assets/KinematicCharacterController/Walkthrough/11- Charging state/Scene/WalkthroughScene11/ReflectionProbe-0.exr using Guid(bfe22d4c784ad9e47a9cdd1582da2c26) Importer(2089858483,192608db42251d675da83286b1cce702) (ScriptedImporter) -> (artifact id: '5c21c67edd86152516fb6bd22caf7233') in 0.0264166 seconds
Number of updated asset objects reloaded before import = 0Number of asset objects unloaded after import = 1

========================================================================
Received Import Request.
  Time since last request: 0.000029 seconds.
  path: Assets/TutorialInfo/Scripts/Editor/ReadmeEditor.cs
  artifactKey: Guid(476cc7d7cd9874016adc216baab94a0a) Importer(2089858483,192608db42251d675da83286b1cce702)
Start importing Assets/TutorialInfo/Scripts/Editor/ReadmeEditor.cs using Guid(476cc7d7cd9874016adc216baab94a0a) Importer(2089858483,192608db42251d675da83286b1cce702) (ScriptedImporter) -> (artifact id: '93df82c1326d7c83749290ac588dc937') in 0.0248242 seconds
Number of updated asset objects reloaded before import = 0Number of asset objects unloaded after import = 0

========================================================================
Received Import Request.
  Time since last request: 0.000020 seconds.
  path: Assets/KinematicCharacterController/Walkthrough/6- Crouching/Scripts/MyPlayer.cs
  artifactKey: Guid(7ee0baee98708fb428704385c47f518e) Importer(2089858483,192608db42251d675da83286b1cce702)
Start importing Assets/KinematicCharacterController/Walkthrough/6- Crouching/Scripts/MyPlayer.cs using Guid(7ee0baee98708fb428704385c47f518e) Importer(2089858483,192608db42251d675da83286b1cce702) (ScriptedImporter) -> (artifact id: '21d4a9d63a016834bdfb7506f09facd1') in 0.0265647 seconds
Number of updated asset objects reloaded before import = 0Number of asset objects unloaded after import = 0

========================================================================
Received Import Request.
  Time since last request: 0.000018 seconds.
  path: Assets/KinematicCharacterController/Walkthrough/15- Root motion example/EthanCharacter/Textures/EthanOcclusion.png
  artifactKey: Guid(4e2f32e9a1fefc24092337ae061f3dbc) Importer(2089858483,192608db42251d675da83286b1cce702)
Start importing Assets/KinematicCharacterController/Walkthrough/15- Root motion example/EthanCharacter/Textures/EthanOcclusion.png using Guid(4e2f32e9a1fefc24092337ae061f3dbc) Importer(2089858483,192608db42251d675da83286b1cce702) (ScriptedImporter) -> (artifact id: '645a65aec9de89c36a38b109170fc628') in 0.05904 seconds
Number of updated asset objects reloaded before import = 0Number of asset objects unloaded after import = 1

========================================================================
Received Import Request.
  Time since last request: 0.000017 seconds.
  path: Assets/KinematicCharacterController/Walkthrough/15- Root motion example/EthanCharacter/Animation/HumanoidWalkTurn.fbx
  artifactKey: Guid(1c52c953c83c2254a9fa72d50250f028) Importer(2089858483,192608db42251d675da83286b1cce702)
Start importing Assets/KinematicCharacterController/Walkthrough/15- Root motion example/EthanCharacter/Animation/HumanoidWalkTurn.fbx using Guid(1c52c953c83c2254a9fa72d50250f028) Importer(2089858483,192608db42251d675da83286b1cce702) (ScriptedImporter) -> (artifact id: '1fe855ef2755e9047d014d5bc7177b35') in 0.0581351 seconds
Number of updated asset objects reloaded before import = 0Number of asset objects unloaded after import = 158

========================================================================
Received Import Request.
  Time since last request: 0.000022 seconds.
  path: Assets/KinematicCharacterController/Walkthrough/15- Root motion example/EthanCharacter/Animation/HumanoidWalk.fbx
  artifactKey: Guid(b1a5e04ae51004842aba06704a6c2903) Importer(2089858483,192608db42251d675da83286b1cce702)
Start importing Assets/KinematicCharacterController/Walkthrough/15- Root motion example/EthanCharacter/Animation/HumanoidWalk.fbx using Guid(b1a5e04ae51004842aba06704a6c2903) Importer(2089858483,192608db42251d675da83286b1cce702) (ScriptedImporter) -> (artifact id: '506795d97d4cf1b6699a9deee0e30328') in 0.0531116 seconds
Number of updated asset objects reloaded before import = 0Number of asset objects unloaded after import = 157

========================================================================
Received Import Request.
  Time since last request: 0.000029 seconds.
  path: Assets/Settings/PC_Renderer.asset
  artifactKey: Guid(f288ae1f4751b564a96ac7587541f7a2) Importer(2089858483,192608db42251d675da83286b1cce702)
Start importing Assets/Settings/PC_Renderer.asset using Guid(f288ae1f4751b564a96ac7587541f7a2) Importer(2089858483,192608db42251d675da83286b1cce702) (ScriptedImporter) -> (artifact id: 'b8cd254801300a57f22c5cfa539d93c0') in 0.0509315 seconds
Number of updated asset objects reloaded before import = 0Number of asset objects unloaded after import = 1

========================================================================
Received Import Request.
  Time since last request: 0.000022 seconds.
  path: Assets/KinematicCharacterController/Examples/Models/DualTriSlope.fbx
  artifactKey: Guid(2e973c5a9dd49cf409c99021ad5a63a4) Importer(2089858483,192608db42251d675da83286b1cce702)
Start importing Assets/KinematicCharacterController/Examples/Models/DualTriSlope.fbx using Guid(2e973c5a9dd49cf409c99021ad5a63a4) Importer(2089858483,192608db42251d675da83286b1cce702) (ScriptedImporter) -> (artifact id: '9916d3f6afaaa695ffb2422e3836f110') in 0.038742 seconds
Number of updated asset objects reloaded before import = 0Number of asset objects unloaded after import = 16

========================================================================
Received Import Request.
  Time since last request: 0.000018 seconds.
  path: Assets/Settings/DefaultVolumeProfile.asset
  artifactKey: Guid(ab09877e2e707104187f6f83e2f62510) Importer(2089858483,192608db42251d675da83286b1cce702)
Start importing Assets/Settings/DefaultVolumeProfile.asset using Guid(ab09877e2e707104187f6f83e2f62510) Importer(2089858483,192608db42251d675da83286b1cce702) (ScriptedImporter) -> (artifact id: '4faafaa34a9f7a381b48b40a6db57fa7') in 0.0257937 seconds
Number of updated asset objects reloaded before import = 0Number of asset objects unloaded after import = 0

========================================================================
Received Import Request.
  Time since last request: 0.000022 seconds.
  path: Assets/KinematicCharacterController/Walkthrough/15- Root motion example/EthanCharacter/Animation/HumanoidRunTurn.fbx
  artifactKey: Guid(1062212255550964e974f3ffb3cbaae3) Importer(2089858483,192608db42251d675da83286b1cce702)
Start importing Assets/KinematicCharacterController/Walkthrough/15- Root motion example/EthanCharacter/Animation/HumanoidRunTurn.fbx using Guid(1062212255550964e974f3ffb3cbaae3) Importer(2089858483,192608db42251d675da83286b1cce702) (ScriptedImporter) -> (artifact id: '7f29f154862f3a3fc556d7332740787a') in 0.0559692 seconds
Number of updated asset objects reloaded before import = 0Number of asset objects unloaded after import = 184

========================================================================
Received Import Request.
  Time since last request: 0.000022 seconds.
  path: Assets/KinematicCharacterController/Walkthrough/5- Adding velocities and impulses/Scene/WalkthroughScene5/ReflectionProbe-0.exr
  artifactKey: Guid(1dfc857d18091d2499c13b7d33440527) Importer(2089858483,192608db42251d675da83286b1cce702)
Start importing Assets/KinematicCharacterController/Walkthrough/5- Adding velocities and impulses/Scene/WalkthroughScene5/ReflectionProbe-0.exr using Guid(1dfc857d18091d2499c13b7d33440527) Importer(2089858483,192608db42251d675da83286b1cce702) (ScriptedImporter) -> (artifact id: '701477da0c765c904d2ea8b9e4ef12fc') in 0.028277 seconds
Number of updated asset objects reloaded before import = 0Number of asset objects unloaded after import = 1

========================================================================
Received Import Request.
  Time since last request: 0.000031 seconds.
  path: Assets/KinematicCharacterController/Walkthrough/3- Jumping/Scripts/b- Double Jumping/MyPlayer.cs
  artifactKey: Guid(c1d3de52431e52141b1432cc9c5a1a80) Importer(2089858483,192608db42251d675da83286b1cce702)
Start importing Assets/KinematicCharacterController/Walkthrough/3- Jumping/Scripts/b- Double Jumping/MyPlayer.cs using Guid(c1d3de52431e52141b1432cc9c5a1a80) Importer(2089858483,192608db42251d675da83286b1cce702) (ScriptedImporter) -> (artifact id: 'c6340baf936f5f405133aaeda2577bba') in 0.0265366 seconds
Number of updated asset objects reloaded before import = 0Number of asset objects unloaded after import = 0

========================================================================
Received Import Request.
  Time since last request: 0.000023 seconds.
  path: Assets/KinematicCharacterController/Walkthrough/3- Jumping/Scripts/c- Wall Jumping/MyCharacterController.cs
  artifactKey: Guid(2fd76c082aede85429438d24ce95942c) Importer(2089858483,192608db42251d675da83286b1cce702)
Start importing Assets/KinematicCharacterController/Walkthrough/3- Jumping/Scripts/c- Wall Jumping/MyCharacterController.cs using Guid(2fd76c082aede85429438d24ce95942c) Importer(2089858483,192608db42251d675da83286b1cce702) (ScriptedImporter) -> (artifact id: 'ce4ac500af17548cd08da6003f442cb6') in 0.0250264 seconds
Number of updated asset objects reloaded before import = 0Number of asset objects unloaded after import = 0

========================================================================
Received Import Request.
  Time since last request: 0.000021 seconds.
  path: Assets/KinematicCharacterController/Walkthrough/3- Jumping/Scripts/a- Simple Jumping/MyCharacterController.cs
  artifactKey: Guid(9f052f48e80bba64c8fd341e19240cd1) Importer(2089858483,192608db42251d675da83286b1cce702)
Start importing Assets/KinematicCharacterController/Walkthrough/3- Jumping/Scripts/a- Simple Jumping/MyCharacterController.cs using Guid(9f052f48e80bba64c8fd341e19240cd1) Importer(2089858483,192608db42251d675da83286b1cce702) (ScriptedImporter) -> (artifact id: 'b6e696eea0ba41eff077b0c3689bcc52') in 0.0209583 seconds
Number of updated asset objects reloaded before import = 0Number of asset objects unloaded after import = 0

========================================================================
Received Import Request.
  Time since last request: 0.000022 seconds.
  path: Assets/KinematicCharacterController/Walkthrough/3- Jumping/Scripts/a- Simple Jumping/MyPlayer.cs
  artifactKey: Guid(c2f934d74d9c62e409691089041cc749) Importer(2089858483,192608db42251d675da83286b1cce702)
Start importing Assets/KinematicCharacterController/Walkthrough/3- Jumping/Scripts/a- Simple Jumping/MyPlayer.cs using Guid(c2f934d74d9c62e409691089041cc749) Importer(2089858483,192608db42251d675da83286b1cce702) (ScriptedImporter) -> (artifact id: '8d66f1cf3ce08f570f7619279574352a') in 0.0240182 seconds
Number of updated asset objects reloaded before import = 0Number of asset objects unloaded after import = 0

========================================================================
Received Import Request.
  Time since last request: 0.000019 seconds.
  path: Assets/KinematicCharacterController/Walkthrough/10- Multiple movement states setup/Scene/WalkthroughScene10/ReflectionProbe-0.exr
  artifactKey: Guid(577436d930a350c4b98a31b783f58237) Importer(2089858483,192608db42251d675da83286b1cce702)
Start importing Assets/KinematicCharacterController/Walkthrough/10- Multiple movement states setup/Scene/WalkthroughScene10/ReflectionProbe-0.exr using Guid(577436d930a350c4b98a31b783f58237) Importer(2089858483,192608db42251d675da83286b1cce702) (ScriptedImporter) -> (artifact id: 'a9fecb7d75b85efc9d3c3625dc5abae7') in 0.0271739 seconds
Number of updated asset objects reloaded before import = 0Number of asset objects unloaded after import = 1

========================================================================
Received Import Request.
  Time since last request: 0.000018 seconds.
  path: Assets/KinematicCharacterController/Walkthrough/3- Jumping/Scripts/b- Double Jumping/MyCharacterController.cs
  artifactKey: Guid(2d04975d64d6f73489b29b0d953c1701) Importer(2089858483,192608db42251d675da83286b1cce702)
Start importing Assets/KinematicCharacterController/Walkthrough/3- Jumping/Scripts/b- Double Jumping/MyCharacterController.cs using Guid(2d04975d64d6f73489b29b0d953c1701) Importer(2089858483,192608db42251d675da83286b1cce702) (ScriptedImporter) -> (artifact id: '8d3f12356a4fa2e728899df9842bac6c') in 0.0189234 seconds
Number of updated asset objects reloaded before import = 0Number of asset objects unloaded after import = 0

========================================================================
Received Import Request.
  Time since last request: 0.000038 seconds.
  path: Assets/KinematicCharacterController/Walkthrough/4- Landing and leaving ground/Scene/WalkthroughScene4/LightingData.asset
  artifactKey: Guid(ecf68cddd6f1b8a479a131105e9c5686) Importer(2089858483,192608db42251d675da83286b1cce702)
Start importing Assets/KinematicCharacterController/Walkthrough/4- Landing and leaving ground/Scene/WalkthroughScene4/LightingData.asset using Guid(ecf68cddd6f1b8a479a131105e9c5686) Importer(2089858483,192608db42251d675da83286b1cce702) (ScriptedImporter) -> (artifact id: '58c6a375e14c349d386d8c6b46089fc7') in 0.0345326 seconds
Number of updated asset objects reloaded before import = 0Number of asset objects unloaded after import = 2

========================================================================
Received Import Request.
  Time since last request: 0.000023 seconds.
  path: Assets/KinematicCharacterController/Walkthrough/13- Swimming state/Scripts/MyPlayer.cs
  artifactKey: Guid(4713c253e1b718441b5183e3e7a50f24) Importer(2089858483,192608db42251d675da83286b1cce702)
Start importing Assets/KinematicCharacterController/Walkthrough/13- Swimming state/Scripts/MyPlayer.cs using Guid(4713c253e1b718441b5183e3e7a50f24) Importer(2089858483,192608db42251d675da83286b1cce702) (ScriptedImporter) -> (artifact id: 'c82c8105de7041d9494a39c66aa98596') in 0.018943 seconds
Number of updated asset objects reloaded before import = 0Number of asset objects unloaded after import = 0

========================================================================
Received Import Request.
  Time since last request: 0.000021 seconds.
  path: Assets/KinematicCharacterController/Walkthrough/15- Root motion example/EthanCharacter/Textures/EthanNormals.png
  artifactKey: Guid(3b5b7be0f2332c24f89a2af018daa62d) Importer(2089858483,192608db42251d675da83286b1cce702)
Start importing Assets/KinematicCharacterController/Walkthrough/15- Root motion example/EthanCharacter/Textures/EthanNormals.png using Guid(3b5b7be0f2332c24f89a2af018daa62d) Importer(2089858483,192608db42251d675da83286b1cce702) (ScriptedImporter) -> (artifact id: '54beb22b305b0c8117a922c8a6bf8665') in 0.0587398 seconds
Number of updated asset objects reloaded before import = 0Number of asset objects unloaded after import = 1

========================================================================
Received Import Request.
  Time since last request: 0.000029 seconds.
  path: Assets/KinematicCharacterController/Walkthrough/8- Creating a moving platform/Scene/WalkthroughScene8/LightingData.asset
  artifactKey: Guid(dff83820bab62f04cbb9f2b036ffaeea) Importer(2089858483,192608db42251d675da83286b1cce702)
Start importing Assets/KinematicCharacterController/Walkthrough/8- Creating a moving platform/Scene/WalkthroughScene8/LightingData.asset using Guid(dff83820bab62f04cbb9f2b036ffaeea) Importer(2089858483,192608db42251d675da83286b1cce702) (ScriptedImporter) -> (artifact id: 'e9011094eb4234540c8d6fbac8ec6d2f') in 0.0406944 seconds
Number of updated asset objects reloaded before import = 0Number of asset objects unloaded after import = 2

========================================================================
Received Import Request.
  Time since last request: 0.000023 seconds.
  path: Assets/KinematicCharacterController/Walkthrough.pdf
  artifactKey: Guid(1523509a877e6cc41b0578ebaf09994b) Importer(2089858483,192608db42251d675da83286b1cce702)
Start importing Assets/KinematicCharacterController/Walkthrough.pdf using Guid(1523509a877e6cc41b0578ebaf09994b) Importer(2089858483,192608db42251d675da83286b1cce702) (ScriptedImporter) -> (artifact id: 'be96f8eb090c7b869186d52f7f151a62') in 0.0215871 seconds
Number of updated asset objects reloaded before import = 0Number of asset objects unloaded after import = 1

========================================================================
Received Import Request.
  Time since last request: 0.000043 seconds.
  path: Assets/KinematicCharacterController/Walkthrough/1- Player Camera Character Setup/Scene/WalkthroughScene1/ReflectionProbe-0.exr
  artifactKey: Guid(b6444c446b97c3949a4e91a10723a1db) Importer(2089858483,192608db42251d675da83286b1cce702)
Start importing Assets/KinematicCharacterController/Walkthrough/1- Player Camera Character Setup/Scene/WalkthroughScene1/ReflectionProbe-0.exr using Guid(b6444c446b97c3949a4e91a10723a1db) Importer(2089858483,192608db42251d675da83286b1cce702) (ScriptedImporter) -> (artifact id: '8e7c2e76de21d18d6be2195399c75c8d') in 0.0344105 seconds
Number of updated asset objects reloaded before import = 0Number of asset objects unloaded after import = 1

========================================================================
Received Import Request.
  Time since last request: 0.000018 seconds.
  path: Assets/KinematicCharacterController/ExampleCharacter/Scripts/ExampleCharacterController.cs
  artifactKey: Guid(76020eee813ed7844bcea94c5d5ce76a) Importer(2089858483,192608db42251d675da83286b1cce702)
Start importing Assets/KinematicCharacterController/ExampleCharacter/Scripts/ExampleCharacterController.cs using Guid(76020eee813ed7844bcea94c5d5ce76a) Importer(2089858483,192608db42251d675da83286b1cce702) (ScriptedImporter) -> (artifact id: '23ca6df4ab5f7fd658d7b21a5e07e298') in 0.0235896 seconds
Number of updated asset objects reloaded before import = 0Number of asset objects unloaded after import = 0

========================================================================
Received Import Request.
  Time since last request: 0.000021 seconds.
  path: Assets/KinematicCharacterController/Walkthrough/8- Creating a moving platform/Scripts/MyPlayer.cs
  artifactKey: Guid(e655bfd11ef2b5f4785511618a4d6e48) Importer(2089858483,192608db42251d675da83286b1cce702)
Start importing Assets/KinematicCharacterController/Walkthrough/8- Creating a moving platform/Scripts/MyPlayer.cs using Guid(e655bfd11ef2b5f4785511618a4d6e48) Importer(2089858483,192608db42251d675da83286b1cce702) (ScriptedImporter) -> (artifact id: 'ef33eae1524cdfad67f9a17994f7f8ff') in 0.0198625 seconds
Number of updated asset objects reloaded before import = 0Number of asset objects unloaded after import = 0

========================================================================
Received Import Request.
  Time since last request: 0.000017 seconds.
  path: Assets/KinematicCharacterController/Walkthrough/3- Jumping/Scene/WalkthroughScene3/ReflectionProbe-0.exr
  artifactKey: Guid(18d9b5cfbe4e1f9459f9d9c422562181) Importer(2089858483,192608db42251d675da83286b1cce702)
Start importing Assets/KinematicCharacterController/Walkthrough/3- Jumping/Scene/WalkthroughScene3/ReflectionProbe-0.exr using Guid(18d9b5cfbe4e1f9459f9d9c422562181) Importer(2089858483,192608db42251d675da83286b1cce702) (ScriptedImporter) -> (artifact id: 'c11bdb117e3ef034e0dcc254cf6c518e') in 0.0297138 seconds
Number of updated asset objects reloaded before import = 0Number of asset objects unloaded after import = 1

========================================================================
Received Import Request.
  Time since last request: 0.000028 seconds.
  path: Assets/KinematicCharacterController/Examples/Materials/Green.mat
  artifactKey: Guid(83b277cab1b0a6146b3877fdc32581fe) Importer(2089858483,192608db42251d675da83286b1cce702)
Start importing Assets/KinematicCharacterController/Examples/Materials/Green.mat using Guid(83b277cab1b0a6146b3877fdc32581fe) Importer(2089858483,192608db42251d675da83286b1cce702) (ScriptedImporter) -> (artifact id: '35fce2c0a573405865b8584c3665d662') in 0.0255263 seconds
Number of updated asset objects reloaded before import = 0Number of asset objects unloaded after import = 1

========================================================================
Received Import Request.
  Time since last request: 0.000036 seconds.
  path: Assets/KinematicCharacterController/ExampleCharacter/Materials/White.mat
  artifactKey: Guid(cf774b4c734b1d04e9fbf6d71e964591) Importer(2089858483,192608db42251d675da83286b1cce702)
Start importing Assets/KinematicCharacterController/ExampleCharacter/Materials/White.mat using Guid(cf774b4c734b1d04e9fbf6d71e964591) Importer(2089858483,192608db42251d675da83286b1cce702) (ScriptedImporter) -> (artifact id: '45d8e580407e286c191073c26be967c5') in 0.0228392 seconds
Number of updated asset objects reloaded before import = 0Number of asset objects unloaded after import = 1

========================================================================
Received Import Request.
  Time since last request: 0.000024 seconds.
  path: Assets/Settings/Mobile_RPAsset.asset
  artifactKey: Guid(5e6cbd92db86f4b18aec3ed561671858) Importer(2089858483,192608db42251d675da83286b1cce702)
Start importing Assets/Settings/Mobile_RPAsset.asset using Guid(5e6cbd92db86f4b18aec3ed561671858) Importer(2089858483,192608db42251d675da83286b1cce702) (ScriptedImporter) -> (artifact id: 'e2f3388d019b21ff50800710f557fc1f') in 0.0495397 seconds
Number of updated asset objects reloaded before import = 0Number of asset objects unloaded after import = 2

========================================================================
Received Import Request.
  Time since last request: 0.000016 seconds.
  path: Assets/KinematicCharacterController/Core/KinematicCharacterMotor.cs
  artifactKey: Guid(4d1bc5515e3ab954e80599c538834774) Importer(2089858483,192608db42251d675da83286b1cce702)
Start importing Assets/KinematicCharacterController/Core/KinematicCharacterMotor.cs using Guid(4d1bc5515e3ab954e80599c538834774) Importer(2089858483,192608db42251d675da83286b1cce702) (ScriptedImporter) -> (artifact id: '73c3f13acfc5a69257a909190c8285be') in 0.0244881 seconds
Number of updated asset objects reloaded before import = 0Number of asset objects unloaded after import = 0

========================================================================
Received Import Request.
  Time since last request: 0.000022 seconds.
  path: Assets/KinematicCharacterController/Examples/Terrain/New Terrain.asset
  artifactKey: Guid(584986c7300830640ab9700710efbd75) Importer(2089858483,192608db42251d675da83286b1cce702)
Start importing Assets/KinematicCharacterController/Examples/Terrain/New Terrain.asset using Guid(584986c7300830640ab9700710efbd75) Importer(2089858483,192608db42251d675da83286b1cce702) (ScriptedImporter) -> (artifact id: '1dae9ba39fa6e87a6a472c39bcad2fff') in 0.0547234 seconds
Number of updated asset objects reloaded before import = 0Number of asset objects unloaded after import = 1

========================================================================
Received Import Request.
  Time since last request: 0.000018 seconds.
  path: Assets/KinematicCharacterController/Walkthrough/5- Adding velocities and impulses/Scene/WalkthroughScene5/LightingData.asset
  artifactKey: Guid(81aaaad5c637dc74abb08eb1fd28486d) Importer(2089858483,192608db42251d675da83286b1cce702)
Start importing Assets/KinematicCharacterController/Walkthrough/5- Adding velocities and impulses/Scene/WalkthroughScene5/LightingData.asset using Guid(81aaaad5c637dc74abb08eb1fd28486d) Importer(2089858483,192608db42251d675da83286b1cce702) (ScriptedImporter) -> (artifact id: 'cc95607304898bba2e951f029bd72c8d') in 0.0405938 seconds
Number of updated asset objects reloaded before import = 0Number of asset objects unloaded after import = 2

========================================================================
Received Import Request.
  Time since last request: 0.000026 seconds.
  path: Assets/KinematicCharacterController/Walkthrough/15- Root motion example/Scripts/MyPlayer.cs
  artifactKey: Guid(34acb1750e367084bac169843c2821b7) Importer(2089858483,192608db42251d675da83286b1cce702)
Start importing Assets/KinematicCharacterController/Walkthrough/15- Root motion example/Scripts/MyPlayer.cs using Guid(34acb1750e367084bac169843c2821b7) Importer(2089858483,192608db42251d675da83286b1cce702) (ScriptedImporter) -> (artifact id: 'e14cfdc25e4be703c3df5b5ffdeb0571') in 0.0217998 seconds
Number of updated asset objects reloaded before import = 0Number of asset objects unloaded after import = 0

========================================================================
Received Import Request.
  Time since last request: 0.000021 seconds.
  path: Assets/KinematicCharacterController/ExampleCharacter/Prefabs/ExampleCamera.prefab
  artifactKey: Guid(c75e91cf060bbf04e89204fa400606df) Importer(2089858483,192608db42251d675da83286b1cce702)
Start importing Assets/KinematicCharacterController/ExampleCharacter/Prefabs/ExampleCamera.prefab using Guid(c75e91cf060bbf04e89204fa400606df) Importer(2089858483,192608db42251d675da83286b1cce702) (ScriptedImporter) -> (artifact id: 'a7b1a05b61a87f1a39ca30ee5b390c4b') in 0.0671025 seconds
Number of updated asset objects reloaded before import = 0Number of asset objects unloaded after import = 9

========================================================================
Received Import Request.
  Time since last request: 0.000019 seconds.
  path: Assets/KinematicCharacterController/Walkthrough/6- Crouching/Scene/WalkthroughScene6/ReflectionProbe-0.exr
  artifactKey: Guid(7845e0b558d50c041b91b4794f8d3d79) Importer(2089858483,192608db42251d675da83286b1cce702)
Start importing Assets/KinematicCharacterController/Walkthrough/6- Crouching/Scene/WalkthroughScene6/ReflectionProbe-0.exr using Guid(7845e0b558d50c041b91b4794f8d3d79) Importer(2089858483,192608db42251d675da83286b1cce702) (ScriptedImporter) -> (artifact id: 'a0e83719284e9a0b6960c195b9e284b1') in 0.0288486 seconds
Number of updated asset objects reloaded before import = 0Number of asset objects unloaded after import = 1

========================================================================
Received Import Request.
  Time since last request: 0.000020 seconds.
  path: Assets/KinematicCharacterController/Walkthrough/5- Adding velocities and impulses/Scripts/MyCharacterController.cs
  artifactKey: Guid(76afa3ea12e7d63489360dc431d1d060) Importer(2089858483,192608db42251d675da83286b1cce702)
Start importing Assets/KinematicCharacterController/Walkthrough/5- Adding velocities and impulses/Scripts/MyCharacterController.cs using Guid(76afa3ea12e7d63489360dc431d1d060) Importer(2089858483,192608db42251d675da83286b1cce702) (ScriptedImporter) -> (artifact id: '53b2ddfaa50b001693254ee0c5883ebc') in 0.0218841 seconds
Number of updated asset objects reloaded before import = 0Number of asset objects unloaded after import = 0

========================================================================
Received Import Request.
  Time since last request: 0.000019 seconds.
  path: Assets/KinematicCharacterController/Walkthrough/8- Creating a moving platform/Scene/WalkthroughScene8.unity
  artifactKey: Guid(f274f7ebe2ca52e4da40ffda0ce3320e) Importer(2089858483,192608db42251d675da83286b1cce702)
Start importing Assets/KinematicCharacterController/Walkthrough/8- Creating a moving platform/Scene/WalkthroughScene8.unity using Guid(f274f7ebe2ca52e4da40ffda0ce3320e) Importer(2089858483,192608db42251d675da83286b1cce702) (ScriptedImporter) -> (artifact id: '9e7cbe988910d5303f948c44a5c74ba7') in 0.0466627 seconds
Number of updated asset objects reloaded before import = 0Number of asset objects unloaded after import = 1

========================================================================
Received Import Request.
  Time since last request: 0.000030 seconds.
  path: Assets/KinematicCharacterController/Walkthrough/15- Root motion example/EthanCharacter/Prefabs/Ethan.prefab
  artifactKey: Guid(7737647c22c1fc64a88d5cd030c352ce) Importer(2089858483,192608db42251d675da83286b1cce702)
Start importing Assets/KinematicCharacterController/Walkthrough/15- Root motion example/EthanCharacter/Prefabs/Ethan.prefab using Guid(7737647c22c1fc64a88d5cd030c352ce) Importer(2089858483,192608db42251d675da83286b1cce702) (ScriptedImporter) -> (artifact id: '857b3ba3df618c5bbf1f961480013e3d') in 0.0791857 seconds
Number of updated asset objects reloaded before import = 0Number of asset objects unloaded after import = 195

========================================================================
Received Import Request.
  Time since last request: 0.000024 seconds.
  path: Assets/KinematicCharacterController/Walkthrough/10- Multiple movement states setup/Scene/WalkthroughScene10/LightingData.asset
  artifactKey: Guid(dcd109c9b01494f49b5a633a2a184afd) Importer(2089858483,192608db42251d675da83286b1cce702)
Start importing Assets/KinematicCharacterController/Walkthrough/10- Multiple movement states setup/Scene/WalkthroughScene10/LightingData.asset using Guid(dcd109c9b01494f49b5a633a2a184afd) Importer(2089858483,192608db42251d675da83286b1cce702) (ScriptedImporter) -> (artifact id: '9e46342be42d7a7add4ad71af721cbcf') in 0.0386634 seconds
Number of updated asset objects reloaded before import = 0Number of asset objects unloaded after import = 2

========================================================================
Received Import Request.
  Time since last request: 0.000018 seconds.
  path: Assets/KinematicCharacterController/Examples/Models/TriSlope3.fbx
  artifactKey: Guid(69b8dd2a641b84e478ade36da7893ffe) Importer(2089858483,192608db42251d675da83286b1cce702)
Start importing Assets/KinematicCharacterController/Examples/Models/TriSlope3.fbx using Guid(69b8dd2a641b84e478ade36da7893ffe) Importer(2089858483,192608db42251d675da83286b1cce702) (ScriptedImporter) -> (artifact id: 'fd8586663674def94e73f74a1f91837d') in 0.0377314 seconds
Number of updated asset objects reloaded before import = 0Number of asset objects unloaded after import = 9

========================================================================
Received Import Request.
  Time since last request: 0.000024 seconds.
  path: Assets/KinematicCharacterController/Walkthrough/16- FramePerfect Rotation/Scene/WalkthroughScene16/ReflectionProbe-0.exr
  artifactKey: Guid(c733e3c15e7ba85459a07eb54383f06a) Importer(2089858483,192608db42251d675da83286b1cce702)
Start importing Assets/KinematicCharacterController/Walkthrough/16- FramePerfect Rotation/Scene/WalkthroughScene16/ReflectionProbe-0.exr using Guid(c733e3c15e7ba85459a07eb54383f06a) Importer(2089858483,192608db42251d675da83286b1cce702) (ScriptedImporter) -> (artifact id: '831a02c66ab62c9abc98ad5b90e9bebd') in 0.0304795 seconds
Number of updated asset objects reloaded before import = 0Number of asset objects unloaded after import = 1

========================================================================
Received Import Request.
  Time since last request: 0.000030 seconds.
  path: Assets/KinematicCharacterController/Walkthrough/12- NoClip state/Scripts/MyCharacterController.cs
  artifactKey: Guid(78ff0994cb11f364795e0da470aceef8) Importer(2089858483,192608db42251d675da83286b1cce702)
Start importing Assets/KinematicCharacterController/Walkthrough/12- NoClip state/Scripts/MyCharacterController.cs using Guid(78ff0994cb11f364795e0da470aceef8) Importer(2089858483,192608db42251d675da83286b1cce702) (ScriptedImporter) -> (artifact id: '0a81c592fb20812ea3257d4ecbd74152') in 0.0240559 seconds
Number of updated asset objects reloaded before import = 0Number of asset objects unloaded after import = 0

========================================================================
Received Import Request.
  Time since last request: 0.000018 seconds.
  path: Assets/KinematicCharacterController/Walkthrough/16- FramePerfect Rotation/Scripts/MyPlayer.cs
  artifactKey: Guid(0d329db918ea3e246adc0bfc1079c749) Importer(2089858483,192608db42251d675da83286b1cce702)
Start importing Assets/KinematicCharacterController/Walkthrough/16- FramePerfect Rotation/Scripts/MyPlayer.cs using Guid(0d329db918ea3e246adc0bfc1079c749) Importer(2089858483,192608db42251d675da83286b1cce702) (ScriptedImporter) -> (artifact id: '11dcfb3c6e1f7a8aeacd6007199231e4') in 0.026061 seconds
Number of updated asset objects reloaded before import = 0Number of asset objects unloaded after import = 0

========================================================================
Received Import Request.
  Time since last request: 0.000020 seconds.
  path: Assets/KinematicCharacterController/Examples/Materials/GridBlue.mat
  artifactKey: Guid(b2741a1cd6e468f44b7d6494dee261a2) Importer(2089858483,192608db42251d675da83286b1cce702)
Start importing Assets/KinematicCharacterController/Examples/Materials/GridBlue.mat using Guid(b2741a1cd6e468f44b7d6494dee261a2) Importer(2089858483,192608db42251d675da83286b1cce702) (ScriptedImporter) -> (artifact id: '1f813357ea3769a82c09f120bcfa1800') in 0.0219517 seconds
Number of updated asset objects reloaded before import = 0Number of asset objects unloaded after import = 2

========================================================================
Received Prepare
Begin MonoManager ReloadAssembly
- Loaded All Assemblies, in  0.672 seconds
Refreshing native plugins compatible for Editor in 0.78 ms, found 3 plugins.
Native extension for UWP target not found
Native extension for WindowsStandalone target not found
Native extension for WebGL target not found
[Package Manager] Failed to launch server process. Reason: Unity was launched with the -noUpm command-line argument
[Package Manager] Unable to send message (not connected to server process).
[Package Manager] Cannot connect to Unity Package Manager local server
Mono: successfully reloaded assembly
- Finished resetting the current domain, in  0.823 seconds
Domain Reload Profiling: 1498ms
	BeginReloadAssembly (206ms)
		ExecutionOrderSort (0ms)
		DisableScriptedObjects (5ms)
		BackupInstance (0ms)
		ReleaseScriptingObjects (0ms)
		CreateAndSetChildDomain (59ms)
	RebuildCommonClasses (29ms)
	RebuildNativeTypeToScriptingClass (10ms)
	initialDomainReloadingComplete (26ms)
	LoadAllAssembliesAndSetupDomain (404ms)
		LoadAssemblies (345ms)
		RebuildTransferFunctionScriptingTraits (0ms)
		AnalyzeDomain (151ms)
			TypeCache.Refresh (7ms)
				TypeCache.ScanAssembly (0ms)
			BuildScriptInfoCaches (130ms)
			ResolveRequiredComponents (9ms)
	FinalizeReload (824ms)
		ReleaseScriptCaches (0ms)
		RebuildScriptCaches (0ms)
		SetupLoadedEditorAssemblies (669ms)
			LogAssemblyErrors (0ms)
			InitializePlatformSupportModulesInManaged (4ms)
			SetLoadedEditorAssemblies (6ms)
			BeforeProcessingInitializeOnLoad (181ms)
			ProcessInitializeOnLoadAttributes (417ms)
			ProcessInitializeOnLoadMethodAttributes (55ms)
			AfterProcessingInitializeOnLoad (5ms)
			EditorAssembliesLoaded (1ms)
		ExecutionOrderSort2 (0ms)
		AwakeInstancesAfterBackupRestoration (23ms)
Refreshing native plugins compatible for Editor in 1.02 ms, found 3 plugins.
Preloading 0 native plugins for Editor in 0.00 ms.
Unloading 25 Unused Serialized files (Serialized files now loaded: 0)
Unloading 6167 unused Assets / (6.6 MB). Loaded Objects now: 6924.
Memory consumption went from 155.2 MB to 148.6 MB.
Total: 11.676000 ms (FindLiveObjects: 0.870600 ms CreateObjectMapping: 0.720000 ms MarkObjects: 5.231600 ms  DeleteObjects: 4.852400 ms)

Prepare: number of updated asset objects reloaded= 0
Editor requested this worker to shutdown with reason: Scaling down because of idle timeout
AssetImportWorker is now disconnected from the server
Process exiting
Exiting without the bug reporter. Application will terminate with return code 0