Using pre-set license
Built from '6000.0/respin/6000.0.59f1-063c55f2fd0f' branch; Version is '6000.0.59f2 (ef281c76c3c1) revision 15673372'; Using compiler version '193933523'; Build Type 'Release'
OS: 'Windows 11  (10.0.26100) 64bit Core' Language: 'ru' Physical Memory: 32469 MB
BatchMode: 1, IsHumanControllingUs: 0, StartBugReporterOnCrash: 0, Is64bit: 1
Date: 2025-12-04T03:57:29Z

COMMAND LINE ARGUMENTS:
C:\Program Files\Unity\Hub\Editor\6000.0.59f2\Editor\Unity.exe
-adb2
-batchMode
-noUpm
-name
AssetImportWorker5
-projectPath
D:/platformer3d
-logFile
Logs/AssetImportWorker5.log
-srvPort
64116
-job-worker-count
7
-background-job-worker-count
8
-gc-helper-count
1
-name
AssetImport
Successfully changed project path to: D:/platformer3d
D:/platformer3d
[UnityMemory] Configuration Parameters - Can be set up in boot.config
    "memorysetup-bucket-allocator-granularity=16"
    "memorysetup-bucket-allocator-bucket-count=8"
    "memorysetup-bucket-allocator-block-size=33554432"
    "memorysetup-bucket-allocator-block-count=8"
    "memorysetup-main-allocator-block-size=16777216"
    "memorysetup-thread-allocator-block-size=16777216"
    "memorysetup-gfx-main-allocator-block-size=16777216"
    "memorysetup-gfx-thread-allocator-block-size=16777216"
    "memorysetup-cache-allocator-block-size=4194304"
    "memorysetup-typetree-allocator-block-size=2097152"
    "memorysetup-profiler-bucket-allocator-granularity=16"
    "memorysetup-profiler-bucket-allocator-bucket-count=8"
    "memorysetup-profiler-bucket-allocator-block-size=33554432"
    "memorysetup-profiler-bucket-allocator-block-count=8"
    "memorysetup-profiler-allocator-block-size=16777216"
    "memorysetup-profiler-editor-allocator-block-size=1048576"
    "memorysetup-temp-allocator-size-main=16777216"
    "memorysetup-job-temp-allocator-block-size=2097152"
    "memorysetup-job-temp-allocator-block-size-background=1048576"
    "memorysetup-job-temp-allocator-reduction-small-platforms=262144"
    "memorysetup-allocator-temp-initial-block-size-main=262144"
    "memorysetup-allocator-temp-initial-block-size-worker=262144"
    "memorysetup-temp-allocator-size-background-worker=32768"
    "memorysetup-temp-allocator-size-job-worker=262144"
    "memorysetup-temp-allocator-size-preload-manager=33554432"
    "memorysetup-temp-allocator-size-nav-mesh-worker=65536"
    "memorysetup-temp-allocator-size-audio-worker=65536"
    "memorysetup-temp-allocator-size-cloud-worker=32768"
    "memorysetup-temp-allocator-size-gi-baking-worker=262144"
    "memorysetup-temp-allocator-size-gi-baking-worker=262144"
    "memorysetup-temp-allocator-size-gi-baking-worker=262144"
    "memorysetup-temp-allocator-size-gi-baking-worker=262144"
    "memorysetup-temp-allocator-size-gi-baking-worker=262144"
    "memorysetup-temp-allocator-size-gfx=262144"
Player connection [13924]  Target information:

Player connection [13924]  * "[IP] 172.23.80.1 [Port] 0 [Flags] 2 [Guid] 2432249728 [EditorId] 2432249728 [Version] 1048832 [Id] WindowsEditor(7,Drakkonne) [Debug] 1 [PackageName] WindowsEditor [ProjectName] Editor" 

Player connection [13924]  * "[IP] 10.113.115.149 [Port] 0 [Flags] 2 [Guid] 2432249728 [EditorId] 2432249728 [Version] 1048832 [Id] WindowsEditor(7,Drakkonne) [Debug] 1 [PackageName] WindowsEditor [ProjectName] Editor" 

Player connection [13924] Host joined multi-casting on [225.0.0.222:54997]...
Player connection [13924] Host joined alternative multi-casting on [225.0.0.222:34997]...
JobSystem: Creating JobQueue using job-worker-count value 7
Input System module state changed to: Initialized.
[Physics::Module] Initialized fallback backend.
[Physics::Module] Id: 0xdecafbad
Library Redirect Path: Library/
[Physics::Module] Selected backend.
[Physics::Module] Name: PhysX
[Physics::Module] Id: 0xf2b8ea05
[Physics::Module] SDK Version: 4.1.2
[Physics::Module] Integration Version: 1.0.0
[Physics::Module] Threading Mode: Multi-Threaded
Refreshing native plugins compatible for Editor in 1.52 ms, found 3 plugins.
Preloading 0 native plugins for Editor in 0.00 ms.
Initialize engine version: 6000.0.59f2 (ef281c76c3c1)
[Subsystems] Discovering subsystems at path C:/Program Files/Unity/Hub/Editor/6000.0.59f2/Editor/Data/Resources/UnitySubsystems
[Subsystems] Discovering subsystems at path D:/platformer3d/Assets
GfxDevice: creating device client; kGfxThreadingModeNonThreaded
Direct3D:
    Version:  Direct3D 11.0 [level 11.1]
    Renderer: NVIDIA GeForce RTX 4050 Laptop GPU (ID=0x28a1)
    Vendor:   NVIDIA
    VRAM:     5921 MB
    Driver:   32.0.15.8108
Initialize mono
Mono path[0] = 'C:/Program Files/Unity/Hub/Editor/6000.0.59f2/Editor/Data/Managed'
Mono path[1] = 'C:/Program Files/Unity/Hub/Editor/6000.0.59f2/Editor/Data/MonoBleedingEdge/lib/mono/unityjit-win32'
Mono config path = 'C:/Program Files/Unity/Hub/Editor/6000.0.59f2/Editor/Data/MonoBleedingEdge/etc'
Using monoOptions --debugger-agent=transport=dt_socket,embedding=1,server=y,suspend=n,address=127.0.0.1:56964
Begin MonoManager ReloadAssembly
Registering precompiled unity dll's ...
Register platform support module: C:/Program Files/Unity/Hub/Editor/6000.0.59f2/Editor/Data/PlaybackEngines/WebGLSupport/UnityEditor.WebGL.Extensions.dll
Register platform support module: C:/Program Files/Unity/Hub/Editor/6000.0.59f2/Editor/Data/PlaybackEngines/WindowsStandaloneSupport/UnityEditor.WindowsStandalone.Extensions.dll
Register platform support module: C:/Program Files/Unity/Hub/Editor/6000.0.59f2/Editor/Data/PlaybackEngines/MetroSupport/UnityEditor.UWP.Extensions.dll
Registered in 0.005567 seconds.
- Loaded All Assemblies, in  0.415 seconds
Native extension for UWP target not found
Native extension for WindowsStandalone target not found
Native extension for WebGL target not found
Mono: successfully reloaded assembly
- Finished resetting the current domain, in  0.375 seconds
Domain Reload Profiling: 789ms
	BeginReloadAssembly (133ms)
		ExecutionOrderSort (0ms)
		DisableScriptedObjects (0ms)
		BackupInstance (0ms)
		ReleaseScriptingObjects (0ms)
		CreateAndSetChildDomain (1ms)
	RebuildCommonClasses (38ms)
	RebuildNativeTypeToScriptingClass (11ms)
	initialDomainReloadingComplete (55ms)
	LoadAllAssembliesAndSetupDomain (177ms)
		LoadAssemblies (132ms)
		RebuildTransferFunctionScriptingTraits (0ms)
		AnalyzeDomain (172ms)
			TypeCache.Refresh (169ms)
				TypeCache.ScanAssembly (153ms)
			BuildScriptInfoCaches (0ms)
			ResolveRequiredComponents (0ms)
	FinalizeReload (376ms)
		ReleaseScriptCaches (0ms)
		RebuildScriptCaches (0ms)
		SetupLoadedEditorAssemblies (319ms)
			LogAssemblyErrors (0ms)
			InitializePlatformSupportModulesInManaged (31ms)
			SetLoadedEditorAssemblies (6ms)
			BeforeProcessingInitializeOnLoad (68ms)
			ProcessInitializeOnLoadAttributes (156ms)
			ProcessInitializeOnLoadMethodAttributes (58ms)
			AfterProcessingInitializeOnLoad (0ms)
			EditorAssembliesLoaded (0ms)
		ExecutionOrderSort2 (0ms)
		AwakeInstancesAfterBackupRestoration (0ms)
========================================================================
Worker process is ready to serve import requests
Import Worker Mode flag is 0x00
Begin MonoManager ReloadAssembly
- Loaded All Assemblies, in  0.820 seconds
Refreshing native plugins compatible for Editor in 0.57 ms, found 3 plugins.
Native extension for UWP target not found
Native extension for WindowsStandalone target not found
Native extension for WebGL target not found
Package Manager log level set to [2]
[Package Manager] Failed to launch server process. Reason: Unity was launched with the -noUpm command-line argument
[Package Manager] Unable to send message (not connected to server process).
[Package Manager] Cannot connect to Unity Package Manager local server
Mono: successfully reloaded assembly
- Finished resetting the current domain, in  0.865 seconds
Domain Reload Profiling: 1684ms
	BeginReloadAssembly (189ms)
		ExecutionOrderSort (0ms)
		DisableScriptedObjects (6ms)
		BackupInstance (0ms)
		ReleaseScriptingObjects (0ms)
		CreateAndSetChildDomain (36ms)
	RebuildCommonClasses (39ms)
	RebuildNativeTypeToScriptingClass (14ms)
	initialDomainReloadingComplete (34ms)
	LoadAllAssembliesAndSetupDomain (543ms)
		LoadAssemblies (404ms)
		RebuildTransferFunctionScriptingTraits (0ms)
		AnalyzeDomain (239ms)
			TypeCache.Refresh (171ms)
				TypeCache.ScanAssembly (157ms)
			BuildScriptInfoCaches (53ms)
			ResolveRequiredComponents (10ms)
	FinalizeReload (865ms)
		ReleaseScriptCaches (0ms)
		RebuildScriptCaches (0ms)
		SetupLoadedEditorAssemblies (669ms)
			LogAssemblyErrors (0ms)
			InitializePlatformSupportModulesInManaged (3ms)
			SetLoadedEditorAssemblies (7ms)
			BeforeProcessingInitializeOnLoad (167ms)
			ProcessInitializeOnLoadAttributes (436ms)
			ProcessInitializeOnLoadMethodAttributes (51ms)
			AfterProcessingInitializeOnLoad (4ms)
			EditorAssembliesLoaded (1ms)
		ExecutionOrderSort2 (0ms)
		AwakeInstancesAfterBackupRestoration (7ms)
Launched and connected shader compiler UnityShaderCompiler.exe after 0.01 seconds
Refreshing native plugins compatible for Editor in 0.56 ms, found 3 plugins.
Preloading 0 native plugins for Editor in 0.00 ms.
Unloading 27 Unused Serialized files (Serialized files now loaded: 0)
Unloading 6170 unused Assets / (6.6 MB). Loaded Objects now: 6832.
Memory consumption went from 134.9 MB to 128.2 MB.
Total: 10.226600 ms (FindLiveObjects: 0.573400 ms CreateObjectMapping: 0.543200 ms MarkObjects: 5.213000 ms  DeleteObjects: 3.894900 ms)

========================================================================
Received Import Request.
  Time since last request: 491414.958748 seconds.
  path: Assets/KinematicCharacterController/Walkthrough/7- Orienting towards arbitrary up direction/Scene/WalkthroughScene7/ReflectionProbe-0.exr
  artifactKey: Guid(b6a45624d7d32844b8bb269ec7827a86) Importer(2089858483,192608db42251d675da83286b1cce702)
Start importing Assets/KinematicCharacterController/Walkthrough/7- Orienting towards arbitrary up direction/Scene/WalkthroughScene7/ReflectionProbe-0.exr using Guid(b6a45624d7d32844b8bb269ec7827a86) Importer(2089858483,192608db42251d675da83286b1cce702) (ScriptedImporter) -> (artifact id: '1548ace706cde495b51a9de4400f741e') in 0.2361858 seconds
Number of updated asset objects reloaded before import = 0Number of asset objects unloaded after import = 1

========================================================================
Received Import Request.
  Time since last request: 0.000019 seconds.
  path: Assets/KinematicCharacterController/Walkthrough/12- NoClip state/Scene/WalkthroughScene12/LightingData.asset
  artifactKey: Guid(eeeef78adc5f0f948ae5ce452c42d9bf) Importer(2089858483,192608db42251d675da83286b1cce702)
Start importing Assets/KinematicCharacterController/Walkthrough/12- NoClip state/Scene/WalkthroughScene12/LightingData.asset using Guid(eeeef78adc5f0f948ae5ce452c42d9bf) Importer(2089858483,192608db42251d675da83286b1cce702) (ScriptedImporter) -> (artifact id: '0bfa7c1513be9b0dfadb3ffc30f202f5') in 0.050344 seconds
Number of updated asset objects reloaded before import = 0Number of asset objects unloaded after import = 2

========================================================================
Received Import Request.
  Time since last request: 0.000025 seconds.
  path: Assets/KinematicCharacterController/Examples/Materials/Teleporter.mat
  artifactKey: Guid(a4dda9ab07d60364890bdfe5abf41670) Importer(2089858483,192608db42251d675da83286b1cce702)
Start importing Assets/KinematicCharacterController/Examples/Materials/Teleporter.mat using Guid(a4dda9ab07d60364890bdfe5abf41670) Importer(2089858483,192608db42251d675da83286b1cce702) (ScriptedImporter) -> (artifact id: 'cfa5c4c47ef7d4dcb83ba9ae175e1ea3') in 0.0388498 seconds
Number of updated asset objects reloaded before import = 0Number of asset objects unloaded after import = 1

========================================================================
Received Import Request.
  Time since last request: 0.000029 seconds.
  path: Assets/KinematicCharacterController/ExampleCharacter/Prefabs/ExampleCharacter.prefab
  artifactKey: Guid(d295472d4ce25404e9aed2627c34801f) Importer(2089858483,192608db42251d675da83286b1cce702)
Start importing Assets/KinematicCharacterController/ExampleCharacter/Prefabs/ExampleCharacter.prefab using Guid(d295472d4ce25404e9aed2627c34801f) Importer(2089858483,192608db42251d675da83286b1cce702) (ScriptedImporter) -> (artifact id: '2e932ff9e89a98e9c78bbad1fefa4d14') in 0.1035083 seconds
Number of updated asset objects reloaded before import = 0Number of asset objects unloaded after import = 22

========================================================================
Received Import Request.
  Time since last request: 0.000021 seconds.
  path: Assets/KinematicCharacterController/Walkthrough/7- Orienting towards arbitrary up direction/Scene/WalkthroughScene7/LightingData.asset
  artifactKey: Guid(84876b735d66b0d42bb1765f7e84d2fc) Importer(2089858483,192608db42251d675da83286b1cce702)
Start importing Assets/KinematicCharacterController/Walkthrough/7- Orienting towards arbitrary up direction/Scene/WalkthroughScene7/LightingData.asset using Guid(84876b735d66b0d42bb1765f7e84d2fc) Importer(2089858483,192608db42251d675da83286b1cce702) (ScriptedImporter) -> (artifact id: 'e761adeba4bb83b4a6cbbafc7c8271f7') in 0.0401658 seconds
Number of updated asset objects reloaded before import = 0Number of asset objects unloaded after import = 2

========================================================================
Received Import Request.
  Time since last request: 0.000019 seconds.
  path: Assets/KinematicCharacterController/Walkthrough/6- Crouching/Scene/WalkthroughScene6.unity
  artifactKey: Guid(5cf941e64de8d2f4db87a028ca727a28) Importer(2089858483,192608db42251d675da83286b1cce702)
Start importing Assets/KinematicCharacterController/Walkthrough/6- Crouching/Scene/WalkthroughScene6.unity using Guid(5cf941e64de8d2f4db87a028ca727a28) Importer(2089858483,192608db42251d675da83286b1cce702) (ScriptedImporter) -> (artifact id: '8ab4a3fd47e0976489ef51f71f5f1176') in 0.0418324 seconds
Number of updated asset objects reloaded before import = 0Number of asset objects unloaded after import = 1

========================================================================
Received Import Request.
  Time since last request: 0.000031 seconds.
  path: Assets/KinematicCharacterController/APIReference.zip
  artifactKey: Guid(aadf824e76564404c8d43d99803c60a1) Importer(2089858483,192608db42251d675da83286b1cce702)
Start importing Assets/KinematicCharacterController/APIReference.zip using Guid(aadf824e76564404c8d43d99803c60a1) Importer(2089858483,192608db42251d675da83286b1cce702) (ScriptedImporter) -> (artifact id: 'c0146a8f10b31c1ea154ad091893cb4b') in 0.0200658 seconds
Number of updated asset objects reloaded before import = 0Number of asset objects unloaded after import = 1

========================================================================
Received Import Request.
  Time since last request: 0.000014 seconds.
  path: Assets/KinematicCharacterController/Examples/Scenes/StressTest.unity
  artifactKey: Guid(e7e6427a6e574f24797a36b087c19a17) Importer(2089858483,192608db42251d675da83286b1cce702)
Start importing Assets/KinematicCharacterController/Examples/Scenes/StressTest.unity using Guid(e7e6427a6e574f24797a36b087c19a17) Importer(2089858483,192608db42251d675da83286b1cce702) (ScriptedImporter) -> (artifact id: 'c043d68245f239287a58e7d9fc9b5a90') in 0.036371 seconds
Number of updated asset objects reloaded before import = 0Number of asset objects unloaded after import = 1

========================================================================
Received Import Request.
  Time since last request: 0.000017 seconds.
  path: Assets/KinematicCharacterController/Examples/Materials/Blue.mat
  artifactKey: Guid(60c42fb470eea2b4198867ba20e2b905) Importer(2089858483,192608db42251d675da83286b1cce702)
Start importing Assets/KinematicCharacterController/Examples/Materials/Blue.mat using Guid(60c42fb470eea2b4198867ba20e2b905) Importer(2089858483,192608db42251d675da83286b1cce702) (ScriptedImporter) -> (artifact id: '6012593101d20a5b3498c9d7f289b3a1') in 0.0211557 seconds
Number of updated asset objects reloaded before import = 0Number of asset objects unloaded after import = 1

========================================================================
Received Import Request.
  Time since last request: 0.000021 seconds.
  path: Assets/KinematicCharacterController/Walkthrough/9- Custom collision filtering/Scene/WalkthroughScene9/ReflectionProbe-0.exr
  artifactKey: Guid(5fc3e69c31cba1f438f44440dd8e4dfc) Importer(2089858483,192608db42251d675da83286b1cce702)
Start importing Assets/KinematicCharacterController/Walkthrough/9- Custom collision filtering/Scene/WalkthroughScene9/ReflectionProbe-0.exr using Guid(5fc3e69c31cba1f438f44440dd8e4dfc) Importer(2089858483,192608db42251d675da83286b1cce702) (ScriptedImporter) -> (artifact id: '7282f361d13987f58e43b999713d506f') in 0.0267619 seconds
Number of updated asset objects reloaded before import = 0Number of asset objects unloaded after import = 1

========================================================================
Received Import Request.
  Time since last request: 0.000018 seconds.
  path: Assets/KinematicCharacterController/Core/Editor/ReadOnlyPropertyDrawer.cs
  artifactKey: Guid(0d4351ab88853824b85a8f458928d825) Importer(2089858483,192608db42251d675da83286b1cce702)
Start importing Assets/KinematicCharacterController/Core/Editor/ReadOnlyPropertyDrawer.cs using Guid(0d4351ab88853824b85a8f458928d825) Importer(2089858483,192608db42251d675da83286b1cce702) (ScriptedImporter) -> (artifact id: '74baaa162a167cd35e9c1fb22940c639') in 0.0296137 seconds
Number of updated asset objects reloaded before import = 0Number of asset objects unloaded after import = 0

========================================================================
Received Import Request.
  Time since last request: 0.000025 seconds.
  path: Assets/KinematicCharacterController/Walkthrough/4- Landing and leaving ground/Scripts/MyPlayer.cs
  artifactKey: Guid(f17daa08753e6c14199407b2f3971697) Importer(2089858483,192608db42251d675da83286b1cce702)
Start importing Assets/KinematicCharacterController/Walkthrough/4- Landing and leaving ground/Scripts/MyPlayer.cs using Guid(f17daa08753e6c14199407b2f3971697) Importer(2089858483,192608db42251d675da83286b1cce702) (ScriptedImporter) -> (artifact id: '025b0059716e6dc66c51efb3b52dc08c') in 0.0203923 seconds
Number of updated asset objects reloaded before import = 0Number of asset objects unloaded after import = 0

========================================================================
Received Import Request.
  Time since last request: 0.000030 seconds.
  path: Assets/KinematicCharacterController/Examples/Materials/Dark.mat
  artifactKey: Guid(ac0fa2f3d7139704ba1ad516325833cc) Importer(2089858483,192608db42251d675da83286b1cce702)
Start importing Assets/KinematicCharacterController/Examples/Materials/Dark.mat using Guid(ac0fa2f3d7139704ba1ad516325833cc) Importer(2089858483,192608db42251d675da83286b1cce702) (ScriptedImporter) -> (artifact id: '4dcf9ab824e96732cc02390352671917') in 0.0219067 seconds
Number of updated asset objects reloaded before import = 0Number of asset objects unloaded after import = 1

========================================================================
Received Import Request.
  Time since last request: 0.000018 seconds.
  path: Assets/KinematicCharacterController/Walkthrough/15- Root motion example/EthanCharacter/Animation/HumanoidWalkTurnSharp.fbx
  artifactKey: Guid(bb141fc9a700c9c4ca7e6dadb8acf24b) Importer(2089858483,192608db42251d675da83286b1cce702)
Start importing Assets/KinematicCharacterController/Walkthrough/15- Root motion example/EthanCharacter/Animation/HumanoidWalkTurnSharp.fbx using Guid(bb141fc9a700c9c4ca7e6dadb8acf24b) Importer(2089858483,192608db42251d675da83286b1cce702) (ScriptedImporter) -> (artifact id: '62ee35739ec97c94dffdb7be57f1efb4') in 0.077502 seconds
Number of updated asset objects reloaded before import = 0Number of asset objects unloaded after import = 158

========================================================================
Received Import Request.
  Time since last request: 0.000017 seconds.
  path: Assets/KinematicCharacterController/Walkthrough/12- NoClip state/Scene/WalkthroughScene12/ReflectionProbe-0.exr
  artifactKey: Guid(60c6db21975c662438028db7f6265ec9) Importer(2089858483,192608db42251d675da83286b1cce702)
Start importing Assets/KinematicCharacterController/Walkthrough/12- NoClip state/Scene/WalkthroughScene12/ReflectionProbe-0.exr using Guid(60c6db21975c662438028db7f6265ec9) Importer(2089858483,192608db42251d675da83286b1cce702) (ScriptedImporter) -> (artifact id: '470af4f4c0f1352ced78716267860e42') in 0.0295147 seconds
Number of updated asset objects reloaded before import = 0Number of asset objects unloaded after import = 1

========================================================================
Received Import Request.
  Time since last request: 0.000021 seconds.
  path: Assets/KinematicCharacterController/Walkthrough/1- Player Camera Character Setup/Scripts/MyPlayer.cs
  artifactKey: Guid(0659d469a6cbf3448a556b714972454c) Importer(2089858483,192608db42251d675da83286b1cce702)
Start importing Assets/KinematicCharacterController/Walkthrough/1- Player Camera Character Setup/Scripts/MyPlayer.cs using Guid(0659d469a6cbf3448a556b714972454c) Importer(2089858483,192608db42251d675da83286b1cce702) (ScriptedImporter) -> (artifact id: '427ccdd03a126286d563fcb3e385a7a2') in 0.0244713 seconds
Number of updated asset objects reloaded before import = 0Number of asset objects unloaded after import = 0

========================================================================
Received Import Request.
  Time since last request: 0.000031 seconds.
  path: Assets/KinematicCharacterController/Walkthrough/1- Player Camera Character Setup/Scene/WalkthroughScene1.unity
  artifactKey: Guid(51116ce509f204c439bf161c3492f5f2) Importer(2089858483,192608db42251d675da83286b1cce702)
Start importing Assets/KinematicCharacterController/Walkthrough/1- Player Camera Character Setup/Scene/WalkthroughScene1.unity using Guid(51116ce509f204c439bf161c3492f5f2) Importer(2089858483,192608db42251d675da83286b1cce702) (ScriptedImporter) -> (artifact id: '93ac1959927de7d83936390aef033b30') in 0.0424951 seconds
Number of updated asset objects reloaded before import = 0Number of asset objects unloaded after import = 1

========================================================================
Received Import Request.
  Time since last request: 0.000023 seconds.
  path: Assets/KinematicCharacterController/Examples/Scripts/BuildManager.cs
  artifactKey: Guid(4f83a0772ca2f284c97e6c2e3b8b6c5b) Importer(2089858483,192608db42251d675da83286b1cce702)
Start importing Assets/KinematicCharacterController/Examples/Scripts/BuildManager.cs using Guid(4f83a0772ca2f284c97e6c2e3b8b6c5b) Importer(2089858483,192608db42251d675da83286b1cce702) (ScriptedImporter) -> (artifact id: '58c434b06af40999101aa3defa9ac118') in 0.0205274 seconds
Number of updated asset objects reloaded before import = 0Number of asset objects unloaded after import = 0

========================================================================
Received Import Request.
  Time since last request: 0.000018 seconds.
  path: Assets/KinematicCharacterController/Examples/Scenes/CharacterPlayground/LightingData.asset
  artifactKey: Guid(8d5e47f38d51cb74fa17964969eea766) Importer(2089858483,192608db42251d675da83286b1cce702)
Start importing Assets/KinematicCharacterController/Examples/Scenes/CharacterPlayground/LightingData.asset using Guid(8d5e47f38d51cb74fa17964969eea766) Importer(2089858483,192608db42251d675da83286b1cce702) (ScriptedImporter) -> (artifact id: 'e0ba8cae70e024a9819e177a57f9e02d') in 0.035813 seconds
Number of updated asset objects reloaded before import = 0Number of asset objects unloaded after import = 2

========================================================================
Received Import Request.
  Time since last request: 0.000018 seconds.
  path: Assets/KinematicCharacterController/Examples/Scripts/StressTestManager.cs
  artifactKey: Guid(3d701116f722c264688042f476bbb604) Importer(2089858483,192608db42251d675da83286b1cce702)
Start importing Assets/KinematicCharacterController/Examples/Scripts/StressTestManager.cs using Guid(3d701116f722c264688042f476bbb604) Importer(2089858483,192608db42251d675da83286b1cce702) (ScriptedImporter) -> (artifact id: '58ec112b84374aec5decac363c16fa3a') in 0.0212014 seconds
Number of updated asset objects reloaded before import = 0Number of asset objects unloaded after import = 0

========================================================================
Received Prepare
Begin MonoManager ReloadAssembly
- Loaded All Assemblies, in  0.667 seconds
Refreshing native plugins compatible for Editor in 1.07 ms, found 3 plugins.
Native extension for UWP target not found
Native extension for WindowsStandalone target not found
Native extension for WebGL target not found
[Package Manager] Failed to launch server process. Reason: Unity was launched with the -noUpm command-line argument
[Package Manager] Unable to send message (not connected to server process).
[Package Manager] Cannot connect to Unity Package Manager local server
Mono: successfully reloaded assembly
- Finished resetting the current domain, in  0.867 seconds
Domain Reload Profiling: 1536ms
	BeginReloadAssembly (202ms)
		ExecutionOrderSort (0ms)
		DisableScriptedObjects (5ms)
		BackupInstance (0ms)
		ReleaseScriptingObjects (0ms)
		CreateAndSetChildDomain (60ms)
	RebuildCommonClasses (28ms)
	RebuildNativeTypeToScriptingClass (10ms)
	initialDomainReloadingComplete (23ms)
	LoadAllAssembliesAndSetupDomain (405ms)
		LoadAssemblies (333ms)
		RebuildTransferFunctionScriptingTraits (0ms)
		AnalyzeDomain (158ms)
			TypeCache.Refresh (8ms)
				TypeCache.ScanAssembly (0ms)
			BuildScriptInfoCaches (130ms)
			ResolveRequiredComponents (15ms)
	FinalizeReload (868ms)
		ReleaseScriptCaches (0ms)
		RebuildScriptCaches (0ms)
		SetupLoadedEditorAssemblies (690ms)
			LogAssemblyErrors (0ms)
			InitializePlatformSupportModulesInManaged (3ms)
			SetLoadedEditorAssemblies (6ms)
			BeforeProcessingInitializeOnLoad (198ms)
			ProcessInitializeOnLoadAttributes (423ms)
			ProcessInitializeOnLoadMethodAttributes (55ms)
			AfterProcessingInitializeOnLoad (4ms)
			EditorAssembliesLoaded (0ms)
		ExecutionOrderSort2 (0ms)
		AwakeInstancesAfterBackupRestoration (20ms)
Refreshing native plugins compatible for Editor in 0.69 ms, found 3 plugins.
Preloading 0 native plugins for Editor in 0.00 ms.
Unloading 25 Unused Serialized files (Serialized files now loaded: 0)
Unloading 6166 unused Assets / (6.3 MB). Loaded Objects now: 6853.
Memory consumption went from 146.5 MB to 140.2 MB.
Total: 8.534400 ms (FindLiveObjects: 0.535000 ms CreateObjectMapping: 0.486100 ms MarkObjects: 3.907800 ms  DeleteObjects: 3.604600 ms)

Prepare: number of updated asset objects reloaded= 0
Editor requested this worker to shutdown with reason: Scaling down because of idle timeout
AssetImportWorker is now disconnected from the server
Process exiting
Exiting without the bug reporter. Application will terminate with return code 0